#
# There is insufficient memory for the Java Runtime Environment to continue.
# Native memory allocation (mmap) failed to map 47185920 bytes for G1 virtual space
# Possible reasons:
#   The system is out of physical RAM or swap space
#   The process is running with CompressedOops enabled, and the Java Heap may be blocking the growth of the native heap
# Possible solutions:
#   Reduce memory load on the system
#   Increase physical memory or swap space
#   Check if swap backing store is full
#   Decrease Java heap size (-Xmx/-Xms)
#   Decrease number of Java threads
#   Decrease Java thread stack sizes (-Xss)
#   Set larger code cache with -XX:ReservedCodeCacheSize=
#   JVM is running with Unscaled Compressed Oops mode in which the Java heap is
#     placed in the first 4GB address space. The Java Heap base address is the
#     maximum limit for the native heap growth. Please use -XX:HeapBaseMinAddress
#     to set the Java Heap base and to place the Java Heap above 4GB virtual address.
# This output file may be truncated or incomplete.
#
#  Out of Memory Error (os_windows.cpp:3528), pid=12160, tid=17544
#
# JRE version: Java(TM) SE Runtime Environment (20.0.2+9) (build 20.0.2+9-78)
# Java VM: Java HotSpot(TM) 64-Bit Server VM (20.0.2+9-78, mixed mode, sharing, tiered, compressed oops, compressed class ptrs, g1 gc, windows-amd64)
# No core dump will be written. Minidumps are not enabled by default on client versions of Windows
#

---------------  S U M M A R Y ------------

Command Line: --add-opens=java.base/java.lang=ALL-UNNAMED --add-opens=java.base/java.lang.invoke=ALL-UNNAMED --add-opens=java.base/java.util=ALL-UNNAMED --add-opens=java.prefs/java.util.prefs=ALL-UNNAMED --add-exports=jdk.compiler/com.sun.tools.javac.api=ALL-UNNAMED --add-exports=jdk.compiler/com.sun.tools.javac.util=ALL-UNNAMED --add-opens=java.base/java.util=ALL-UNNAMED --add-opens=java.prefs/java.util.prefs=ALL-UNNAMED --add-opens=java.base/java.nio.charset=ALL-UNNAMED --add-opens=java.base/java.net=ALL-UNNAMED --add-opens=java.base/java.util.concurrent.atomic=ALL-UNNAMED --add-opens=java.xml/javax.xml.namespace=ALL-UNNAMED -Xmx2048m -Dfile.encoding=UTF-8 -Duser.country=US -Duser.language=en -Duser.variant -javaagent:C:\Users\HP\.gradle\wrapper\dists\gradle-8.11.1-bin\bpt9gzteqjrbo1mjrsomdt32c\gradle-8.11.1\lib\agents\gradle-instrumentation-agent-8.11.1.jar org.gradle.launcher.daemon.bootstrap.GradleDaemon 8.11.1

Host: AMD Ryzen 3 5300U with Radeon Graphics         , 8 cores, 7G,  Windows 11 , 64 bit Build 26100 (10.0.26100.4768)
Time: Mon Aug 11 00:44:07 2025 Nepal Standard Time elapsed time: 812.000584 seconds (0d 0h 13m 32s)

---------------  T H R E A D  ---------------

Current thread (0x000002735d9e2b80):  VMThread "VM Thread" [stack: 0x000000a911100000,0x000000a911200000] [id=17544]

Stack: [0x000000a911100000,0x000000a911200000]
Native frames: (J=compiled Java code, j=interpreted, Vv=VM code, C=native code)
V  [jvm.dll+0x6bc25a]
V  [jvm.dll+0x84971a]
V  [jvm.dll+0x84b315]
V  [jvm.dll+0x84ba13]
V  [jvm.dll+0x280e4f]
V  [jvm.dll+0x6b8fe9]
V  [jvm.dll+0x6adbca]
V  [jvm.dll+0x35b165]
V  [jvm.dll+0x363386]
V  [jvm.dll+0x3b400e]
V  [jvm.dll+0x3b4295]
V  [jvm.dll+0x32b86a]
V  [jvm.dll+0x32e486]
V  [jvm.dll+0x33854e]
V  [jvm.dll+0x371dd0]
V  [jvm.dll+0x85135e]
V  [jvm.dll+0x852471]
V  [jvm.dll+0x852979]
V  [jvm.dll+0x852bf3]
V  [jvm.dll+0x7f5c76]
V  [jvm.dll+0x6baecb]
C  [ucrtbase.dll+0x37b0]
C  [KERNEL32.DLL+0x2e8d7]
C  [ntdll.dll+0x3c34c]

VM_Operation (0x000000a910dffad0): G1PauseRemark, mode: safepoint, requested by thread 0x000002733f4bde30


---------------  P R O C E S S  ---------------

Threads class SMR info:
_java_thread_list=0x00000273a947cfb0, length=59, elements={
0x000002733f71a120, 0x000002735da037c0, 0x000002735da08e30, 0x000002735da0aa70,
0x000002735da0b760, 0x000002735da0cdb0, 0x000002735da0d6f0, 0x000002735da0f1a0,
0x000002735da12380, 0x00000273a34ca050, 0x00000273a3614270, 0x00000273a452f0d0,
0x00000273a452f620, 0x00000273a452fb70, 0x00000273a40a4040, 0x00000273a40a3050,
0x00000273a40a4590, 0x00000273a40a4ae0, 0x00000273a40a5ad0, 0x00000273a40a2060,
0x00000273a40a6020, 0x00000273a40a25b0, 0x00000273a40a6570, 0x00000273a40a7ab0,
0x00000273a40a9540, 0x00000273a5dcf930, 0x00000273a5dcdea0, 0x00000273a5dd0e70,
0x00000273a8b53030, 0x00000273a89e6af0, 0x00000273a40a6ac0, 0x00000273a452d640,
0x00000273a452d0f0, 0x00000273a452e630, 0x00000273a452db90, 0x00000273a452c650,
0x00000273a452e0e0, 0x00000273a452eb80, 0x00000273a9159020, 0x00000273a915a560,
0x00000273a915a010, 0x00000273a915aab0, 0x00000273a9159ac0, 0x00000273a915baa0,
0x00000273a9158030, 0x00000273a915bff0, 0x00000273a9158580, 0x00000273a915c540,
0x00000273a915ca90, 0x00000273a915cfe0, 0x00000273aabe33c0, 0x00000273a9159570,
0x00000273a915da80, 0x00000273a915e520, 0x00000273a915dfd0, 0x00000273a915efc0,
0x00000273a915f510, 0x00000273a89e35d0, 0x00000273aabe4a00
}

Java Threads: ( => current thread )
  0x000002733f71a120 JavaThread "main" [_thread_blocked, id=19608, stack(0x000000a910b00000,0x000000a910c00000)]
  0x000002735da037c0 JavaThread "Reference Handler" daemon [_thread_blocked, id=17332, stack(0x000000a911200000,0x000000a911300000)]
  0x000002735da08e30 JavaThread "Finalizer" daemon [_thread_blocked, id=19136, stack(0x000000a911300000,0x000000a911400000)]
  0x000002735da0aa70 JavaThread "Signal Dispatcher" daemon [_thread_blocked, id=9352, stack(0x000000a911400000,0x000000a911500000)]
  0x000002735da0b760 JavaThread "Attach Listener" daemon [_thread_blocked, id=7012, stack(0x000000a911500000,0x000000a911600000)]
  0x000002735da0cdb0 JavaThread "Service Thread" daemon [_thread_blocked, id=9204, stack(0x000000a911600000,0x000000a911700000)]
  0x000002735da0d6f0 JavaThread "Monitor Deflation Thread" daemon [_thread_blocked, id=17192, stack(0x000000a911700000,0x000000a911800000)]
  0x000002735da0f1a0 JavaThread "C2 CompilerThread0" daemon [_thread_blocked, id=15676, stack(0x000000a911800000,0x000000a911900000)]
  0x000002735da12380 JavaThread "C1 CompilerThread0" daemon [_thread_blocked, id=3768, stack(0x000000a911900000,0x000000a911a00000)]
  0x00000273a34ca050 JavaThread "Common-Cleaner" daemon [_thread_blocked, id=20348, stack(0x000000a911a00000,0x000000a911b00000)]
  0x00000273a3614270 JavaThread "Notification Thread" daemon [_thread_blocked, id=4616, stack(0x000000a911b00000,0x000000a911c00000)]
  0x00000273a452f0d0 JavaThread "Daemon health stats" [_thread_blocked, id=7644, stack(0x000000a912200000,0x000000a912300000)]
  0x00000273a452f620 JavaThread "Incoming local TCP Connector on port 58588" [_thread_in_native, id=5404, stack(0x000000a911d00000,0x000000a911e00000)]
  0x00000273a452fb70 JavaThread "Daemon periodic checks" [_thread_blocked, id=19212, stack(0x000000a912300000,0x000000a912400000)]
  0x00000273a40a4040 JavaThread "Cache worker for journal cache (C:\Users\HP\.gradle\caches\journal-1)" [_thread_blocked, id=4020, stack(0x000000a912b00000,0x000000a912c00000)]
  0x00000273a40a3050 JavaThread "File lock request listener" [_thread_in_native, id=9416, stack(0x000000a912c00000,0x000000a912d00000)]
  0x00000273a40a4590 JavaThread "Cache worker for file hash cache (C:\Users\HP\.gradle\caches\8.11.1\fileHashes)" [_thread_blocked, id=2044, stack(0x000000a912d00000,0x000000a912e00000)]
  0x00000273a40a4ae0 JavaThread "Cache worker for file content cache (C:\Users\HP\.gradle\caches\8.11.1\fileContent)" [_thread_blocked, id=19372, stack(0x000000a913200000,0x000000a913300000)]
  0x00000273a40a5ad0 JavaThread "File watcher server" daemon [_thread_in_native, id=17396, stack(0x000000a912e00000,0x000000a912f00000)]
  0x00000273a40a2060 JavaThread "File watcher consumer" daemon [_thread_blocked, id=2664, stack(0x000000a913600000,0x000000a913700000)]
  0x00000273a40a6020 JavaThread "jar transforms" [_thread_blocked, id=18824, stack(0x000000a913700000,0x000000a913800000)]
  0x00000273a40a25b0 JavaThread "jar transforms Thread 2" [_thread_blocked, id=9404, stack(0x000000a913800000,0x000000a913900000)]
  0x00000273a40a6570 JavaThread "jar transforms Thread 3" [_thread_blocked, id=15568, stack(0x000000a913900000,0x000000a913a00000)]
  0x00000273a40a7ab0 JavaThread "jar transforms Thread 4" [_thread_blocked, id=4232, stack(0x000000a913d00000,0x000000a913e00000)]
  0x00000273a40a9540 JavaThread "jar transforms Thread 5" [_thread_blocked, id=17148, stack(0x000000a913f00000,0x000000a914000000)]
  0x00000273a5dcf930 JavaThread "jar transforms Thread 6" [_thread_blocked, id=18760, stack(0x000000a913e00000,0x000000a913f00000)]
  0x00000273a5dcdea0 JavaThread "jar transforms Thread 7" [_thread_blocked, id=15600, stack(0x000000a914000000,0x000000a914100000)]
  0x00000273a5dd0e70 JavaThread "jar transforms Thread 8" [_thread_blocked, id=14568, stack(0x000000a914200000,0x000000a914300000)]
  0x00000273a8b53030 JavaThread "Memory manager" [_thread_blocked, id=9504, stack(0x000000a915c00000,0x000000a915d00000)]
  0x00000273a89e6af0 JavaThread "pool-3-thread-1" [_thread_blocked, id=6548, stack(0x000000a910a00000,0x000000a910b00000)]
  0x00000273a40a6ac0 JavaThread "pool-6-thread-1" [_thread_blocked, id=8808, stack(0x000000a913a00000,0x000000a913b00000)]
  0x00000273a452d640 JavaThread "Daemon Thread 2" [_thread_blocked, id=12984, stack(0x000000a910800000,0x000000a910900000)]
  0x00000273a452d0f0 JavaThread "Handler for socket connection from /127.0.0.1:58588 to /127.0.0.1:59257" [_thread_in_native, id=3904, stack(0x000000a910900000,0x000000a910a00000)]
  0x00000273a452e630 JavaThread "Cancel handler" [_thread_blocked, id=9468, stack(0x000000a912400000,0x000000a912500000)]
  0x00000273a452db90 JavaThread "Daemon worker Thread 2" [_thread_blocked, id=17512, stack(0x000000a912500000,0x000000a912600000)]
  0x00000273a452c650 JavaThread "Asynchronous log dispatcher for DefaultDaemonConnection: socket connection from /127.0.0.1:58588 to /127.0.0.1:59257" [_thread_blocked, id=20384, stack(0x000000a912600000,0x000000a912700000)]
  0x00000273a452e0e0 JavaThread "Stdin handler" [_thread_blocked, id=10236, stack(0x000000a912700000,0x000000a912800000)]
  0x00000273a452eb80 JavaThread "Daemon client event forwarder" [_thread_blocked, id=18492, stack(0x000000a912800000,0x000000a912900000)]
  0x00000273a9159020 JavaThread "Cache worker for file hash cache (D:\Quizpractice\.gradle\8.11.1\fileHashes)" [_thread_blocked, id=17876, stack(0x000000a912900000,0x000000a912a00000)]
  0x00000273a915a560 JavaThread "Cache worker for Build Output Cleanup Cache (D:\Quizpractice\.gradle\buildOutputCleanup)" [_thread_blocked, id=14308, stack(0x000000a912a00000,0x000000a912b00000)]
  0x00000273a915a010 JavaThread "Cache worker for checksums cache (D:\Quizpractice\.gradle\8.11.1\checksums)" [_thread_blocked, id=11656, stack(0x000000a913400000,0x000000a913500000)]
  0x00000273a915aab0 JavaThread "Cache worker for cache directory md-rule (C:\Users\HP\.gradle\caches\8.11.1\md-rule)" [_thread_blocked, id=6152, stack(0x000000a913500000,0x000000a913600000)]
  0x00000273a9159ac0 JavaThread "Cache worker for cache directory md-supplier (C:\Users\HP\.gradle\caches\8.11.1\md-supplier)" [_thread_blocked, id=19872, stack(0x000000a913b00000,0x000000a913c00000)]
  0x00000273a915baa0 JavaThread "Unconstrained build operations" [_thread_blocked, id=16608, stack(0x000000a913c00000,0x000000a913d00000)]
  0x00000273a9158030 JavaThread "Unconstrained build operations Thread 2" [_thread_blocked, id=18984, stack(0x000000a914100000,0x000000a914200000)]
  0x00000273a915bff0 JavaThread "Unconstrained build operations Thread 3" [_thread_blocked, id=18516, stack(0x000000a914300000,0x000000a914400000)]
  0x00000273a9158580 JavaThread "Unconstrained build operations Thread 4" [_thread_blocked, id=15576, stack(0x000000a914400000,0x000000a914500000)]
  0x00000273a915c540 JavaThread "Unconstrained build operations Thread 5" [_thread_blocked, id=10672, stack(0x000000a914500000,0x000000a914600000)]
  0x00000273a915ca90 JavaThread "Unconstrained build operations Thread 6" [_thread_blocked, id=16592, stack(0x000000a914600000,0x000000a914700000)]
  0x00000273a915cfe0 JavaThread "Unconstrained build operations Thread 7" [_thread_blocked, id=11436, stack(0x000000a914700000,0x000000a914800000)]
  0x00000273aabe33c0 JavaThread "C2 CompilerThread1" daemon [_thread_blocked, id=19460, stack(0x000000a914800000,0x000000a914900000)]
  0x00000273a9159570 JavaThread "Unconstrained build operations Thread 8" [_thread_blocked, id=16284, stack(0x000000a914900000,0x000000a914a00000)]
  0x00000273a915da80 JavaThread "Unconstrained build operations Thread 9" [_thread_blocked, id=17288, stack(0x000000a914a00000,0x000000a914b00000)]
  0x00000273a915e520 JavaThread "Unconstrained build operations Thread 10" [_thread_blocked, id=18656, stack(0x000000a914b00000,0x000000a914c00000)]
  0x00000273a915dfd0 JavaThread "Unconstrained build operations Thread 11" [_thread_blocked, id=18944, stack(0x000000a914c00000,0x000000a914d00000)]
  0x00000273a915efc0 JavaThread "Unconstrained build operations Thread 12" [_thread_blocked, id=8608, stack(0x000000a914d00000,0x000000a914e00000)]
  0x00000273a915f510 JavaThread "Unconstrained build operations Thread 13" [_thread_blocked, id=20120, stack(0x000000a914e00000,0x000000a914f00000)]
  0x00000273a89e35d0 JavaThread "Unconstrained build operations Thread 14" [_thread_blocked, id=17632, stack(0x000000a914f00000,0x000000a915000000)]
  0x00000273aabe4a00 JavaThread "C2 CompilerThread2" daemon [_thread_blocked, id=7276, stack(0x000000a915000000,0x000000a915100000)]

Other Threads:
=>0x000002735d9e2b80 VMThread "VM Thread" [stack: 0x000000a911100000,0x000000a911200000] [id=17544]
  0x000002733f71b050 WatcherThread "VM Periodic Task Thread" [stack: 0x000000a911c00000,0x000000a911d00000] [id=17324]
  0x000002733f4bd040 WorkerThread "GC Thread#0" [stack: 0x000000a910c00000,0x000000a910d00000] [id=19220]
  0x00000273a3be7950 WorkerThread "GC Thread#1" [stack: 0x000000a911f00000,0x000000a912000000] [id=1784]
  0x00000273a39f2370 WorkerThread "GC Thread#2" [stack: 0x000000a912000000,0x000000a912100000] [id=3672]
  0x00000273a4037df0 WorkerThread "GC Thread#3" [stack: 0x000000a911e00000,0x000000a911f00000] [id=3344]
  0x00000273a4036a40 WorkerThread "GC Thread#4" [stack: 0x000000a912100000,0x000000a912200000] [id=10056]
  0x00000273a3951920 WorkerThread "GC Thread#5" [stack: 0x000000a912f00000,0x000000a913000000] [id=12308]
  0x00000273a3952cd0 WorkerThread "GC Thread#6" [stack: 0x000000a913000000,0x000000a913100000] [id=1836]
  0x00000273a3952190 WorkerThread "GC Thread#7" [stack: 0x000000a913100000,0x000000a913200000] [id=17432]
  0x000002733f4bde30 ConcurrentGCThread "G1 Main Marker" [stack: 0x000000a910d00000,0x000000a910e00000] [id=15944]
  0x000002733f4bec90 WorkerThread "G1 Conc#0" [stack: 0x000000a910e00000,0x000000a910f00000] [id=18364]
  0x00000273a3952730 WorkerThread "G1 Conc#1" [stack: 0x000000a913300000,0x000000a913400000] [id=17152]
  0x000002735d8a0ee0 ConcurrentGCThread "G1 Refine#0" [stack: 0x000000a910f00000,0x000000a911000000] [id=18868]
  0x000002735d8a1730 ConcurrentGCThread "G1 Service" [stack: 0x000000a911000000,0x000000a911100000] [id=19852]

Threads with active compile tasks:
C2 CompilerThread0   812059 21315   !   4       org.gradle.cache.internal.DefaultMultiProcessSafeIndexedCache::getIfPresent (25 bytes)
C2 CompilerThread1   812059 21305   !   4       org.gradle.internal.operations.DefaultBuildOperationRunner$2::execute (110 bytes)

VM state: at safepoint (normal execution)

VM Mutex/Monitor currently owned by a thread:  ([mutex/lock_event])
[0x000002733f718460] Threads_lock - owner thread: 0x000002735d9e2b80
[0x000002733f7187c0] Heap_lock - owner thread: 0x000002733f4bde30

Heap address: 0x0000000080000000, size: 2048 MB, Compressed Oops mode: 32-bit

CDS archive(s) mapped at: [0x000002735e400000-0x000002735f060000-0x000002735f060000), size 12976128, SharedBaseAddress: 0x000002735e400000, ArchiveRelocationMode: 1.
Compressed class space mapped at: 0x000002735f400000-0x000002739f400000, reserved size: 1073741824
Narrow klass base: 0x000002735e400000, Narrow klass shift: 0, Narrow klass range: 0x100000000

GC Precious Log:
 CardTable entry size: 512
 Card Set container configuration: InlinePtr #cards 5 size 8 Array Of Cards #cards 12 size 40 Howl #buckets 4 coarsen threshold 1843 Howl Bitmap #cards 512 size 80 coarsen threshold 460 Card regions per heap region 1 cards per card region 2048
 CPUs: 8 total, 8 available
 Memory: 7502M
 Large Page Support: Disabled
 NUMA Support: Disabled
 Compressed Oops: Enabled (32-bit)
 Heap Region Size: 1M
 Heap Min Capacity: 8M
 Heap Initial Capacity: 118M
 Heap Max Capacity: 2G
 Pre-touch: Disabled
 Parallel Workers: 8
 Concurrent Workers: 2
 Concurrent Refinement Workers: 8
 Periodic GC: Disabled

Heap:
 garbage-first heap   total 312320K, used 211621K [0x0000000080000000, 0x0000000100000000)
  region size 1024K, 24 young (24576K), 8 survivors (8192K)
 Metaspace       used 170079K, committed 173056K, reserved 1245184K
  class space    used 21577K, committed 23040K, reserved 1048576K

Heap Regions: E=young(eden), S=young(survivor), O=old, HS=humongous(starts), HC=humongous(continues), CS=collection set, F=free, OA=open archive, CA=closed archive, TAMS=top-at-mark-start, PB=parsable bottom
|   0|0x0000000080000000, 0x0000000080100000, 0x0000000080100000|100%| O|  |TAMS 0x0000000080100000| PB 0x0000000080100000| Untracked 
|   1|0x0000000080100000, 0x0000000080200000, 0x0000000080200000|100%|HS|  |TAMS 0x0000000080200000| PB 0x0000000080100000| Complete 
|   2|0x0000000080200000, 0x0000000080300000, 0x0000000080300000|100%|HC|  |TAMS 0x0000000080300000| PB 0x0000000080200000| Complete 
|   3|0x0000000080300000, 0x0000000080400000, 0x0000000080400000|100%|HC|  |TAMS 0x0000000080400000| PB 0x0000000080300000| Complete 
|   4|0x0000000080400000, 0x0000000080500000, 0x0000000080500000|100%| O|  |TAMS 0x0000000080500000| PB 0x0000000080500000| Untracked 
|   5|0x0000000080500000, 0x0000000080600000, 0x0000000080600000|100%| O|  |TAMS 0x0000000080600000| PB 0x0000000080600000| Untracked 
|   6|0x0000000080600000, 0x0000000080700000, 0x0000000080700000|100%| O|  |TAMS 0x0000000080700000| PB 0x0000000080700000| Updating 
|   7|0x0000000080700000, 0x0000000080800000, 0x0000000080800000|100%|HS|  |TAMS 0x0000000080800000| PB 0x0000000080700000| Complete 
|   8|0x0000000080800000, 0x0000000080900000, 0x0000000080900000|100%| O|  |TAMS 0x0000000080900000| PB 0x0000000080900000| Untracked 
|   9|0x0000000080900000, 0x0000000080a00000, 0x0000000080a00000|100%| O|  |TAMS 0x0000000080a00000| PB 0x0000000080a00000| Untracked 
|  10|0x0000000080a00000, 0x0000000080b00000, 0x0000000080b00000|100%| O|  |TAMS 0x0000000080b00000| PB 0x0000000080b00000| Untracked 
|  11|0x0000000080b00000, 0x0000000080c00000, 0x0000000080c00000|100%| O|  |TAMS 0x0000000080c00000| PB 0x0000000080c00000| Untracked 
|  12|0x0000000080c00000, 0x0000000080d00000, 0x0000000080d00000|100%| O|  |TAMS 0x0000000080d00000| PB 0x0000000080d00000| Untracked 
|  13|0x0000000080d00000, 0x0000000080e00000, 0x0000000080e00000|100%| O|  |TAMS 0x0000000080e00000| PB 0x0000000080e00000| Untracked 
|  14|0x0000000080e00000, 0x0000000080f00000, 0x0000000080f00000|100%| O|  |TAMS 0x0000000080f00000| PB 0x0000000080f00000| Untracked 
|  15|0x0000000080f00000, 0x0000000081000000, 0x0000000081000000|100%| O|  |TAMS 0x0000000081000000| PB 0x0000000081000000| Untracked 
|  16|0x0000000081000000, 0x0000000081100000, 0x0000000081100000|100%| O|  |TAMS 0x0000000081100000| PB 0x0000000081100000| Untracked 
|  17|0x0000000081100000, 0x0000000081200000, 0x0000000081200000|100%| O|  |TAMS 0x0000000081200000| PB 0x0000000081200000| Untracked 
|  18|0x0000000081200000, 0x0000000081300000, 0x0000000081300000|100%| O|  |TAMS 0x0000000081300000| PB 0x0000000081300000| Untracked 
|  19|0x0000000081300000, 0x0000000081400000, 0x0000000081400000|100%| O|  |TAMS 0x0000000081400000| PB 0x0000000081400000| Untracked 
|  20|0x0000000081400000, 0x0000000081500000, 0x0000000081500000|100%| O|  |TAMS 0x0000000081500000| PB 0x0000000081500000| Untracked 
|  21|0x0000000081500000, 0x0000000081600000, 0x0000000081600000|100%| O|  |TAMS 0x0000000081600000| PB 0x0000000081600000| Untracked 
|  22|0x0000000081600000, 0x0000000081700000, 0x0000000081700000|100%| O|  |TAMS 0x0000000081700000| PB 0x0000000081700000| Untracked 
|  23|0x0000000081700000, 0x0000000081800000, 0x0000000081800000|100%| O|  |TAMS 0x0000000081800000| PB 0x0000000081800000| Untracked 
|  24|0x0000000081800000, 0x0000000081900000, 0x0000000081900000|100%| O|  |TAMS 0x0000000081900000| PB 0x0000000081900000| Untracked 
|  25|0x0000000081900000, 0x0000000081a00000, 0x0000000081a00000|100%| O|  |TAMS 0x0000000081a00000| PB 0x0000000081a00000| Untracked 
|  26|0x0000000081a00000, 0x0000000081b00000, 0x0000000081b00000|100%| O|  |TAMS 0x0000000081b00000| PB 0x0000000081b00000| Untracked 
|  27|0x0000000081b00000, 0x0000000081c00000, 0x0000000081c00000|100%| O|  |TAMS 0x0000000081c00000| PB 0x0000000081c00000| Updating 
|  28|0x0000000081c00000, 0x0000000081d00000, 0x0000000081d00000|100%| O|  |TAMS 0x0000000081d00000| PB 0x0000000081d00000| Untracked 
|  29|0x0000000081d00000, 0x0000000081e00000, 0x0000000081e00000|100%| O|  |TAMS 0x0000000081e00000| PB 0x0000000081e00000| Untracked 
|  30|0x0000000081e00000, 0x0000000081f00000, 0x0000000081f00000|100%| O|  |TAMS 0x0000000081f00000| PB 0x0000000081f00000| Untracked 
|  31|0x0000000081f00000, 0x0000000082000000, 0x0000000082000000|100%| O|  |TAMS 0x0000000082000000| PB 0x0000000082000000| Updating 
|  32|0x0000000082000000, 0x0000000082100000, 0x0000000082100000|100%| O|  |TAMS 0x0000000082100000| PB 0x0000000082100000| Updating 
|  33|0x0000000082100000, 0x0000000082200000, 0x0000000082200000|100%| O|  |TAMS 0x0000000082200000| PB 0x0000000082200000| Updating 
|  34|0x0000000082200000, 0x0000000082300000, 0x0000000082300000|100%| O|  |TAMS 0x0000000082300000| PB 0x0000000082300000| Updating 
|  35|0x0000000082300000, 0x0000000082400000, 0x0000000082400000|100%| O|  |TAMS 0x0000000082400000| PB 0x0000000082400000| Updating 
|  36|0x0000000082400000, 0x0000000082500000, 0x0000000082500000|100%| O|  |TAMS 0x0000000082500000| PB 0x0000000082500000| Untracked 
|  37|0x0000000082500000, 0x0000000082600000, 0x0000000082600000|100%| O|  |TAMS 0x0000000082600000| PB 0x0000000082600000| Updating 
|  38|0x0000000082600000, 0x0000000082700000, 0x0000000082700000|100%| O|  |TAMS 0x0000000082700000| PB 0x0000000082700000| Updating 
|  39|0x0000000082700000, 0x0000000082800000, 0x0000000082800000|100%| O|  |TAMS 0x0000000082800000| PB 0x0000000082800000| Untracked 
|  40|0x0000000082800000, 0x0000000082900000, 0x0000000082900000|100%| O|  |TAMS 0x0000000082900000| PB 0x0000000082900000| Untracked 
|  41|0x0000000082900000, 0x0000000082a00000, 0x0000000082a00000|100%| O|  |TAMS 0x0000000082a00000| PB 0x0000000082a00000| Untracked 
|  42|0x0000000082a00000, 0x0000000082b00000, 0x0000000082b00000|100%| O|  |TAMS 0x0000000082b00000| PB 0x0000000082b00000| Updating 
|  43|0x0000000082b00000, 0x0000000082c00000, 0x0000000082c00000|100%| O|  |TAMS 0x0000000082c00000| PB 0x0000000082c00000| Untracked 
|  44|0x0000000082c00000, 0x0000000082d00000, 0x0000000082d00000|100%| O|  |TAMS 0x0000000082d00000| PB 0x0000000082d00000| Untracked 
|  45|0x0000000082d00000, 0x0000000082e00000, 0x0000000082e00000|100%| O|  |TAMS 0x0000000082e00000| PB 0x0000000082e00000| Updating 
|  46|0x0000000082e00000, 0x0000000082f00000, 0x0000000082f00000|100%| O|  |TAMS 0x0000000082f00000| PB 0x0000000082f00000| Updating 
|  47|0x0000000082f00000, 0x0000000083000000, 0x0000000083000000|100%| O|  |TAMS 0x0000000083000000| PB 0x0000000083000000| Untracked 
|  48|0x0000000083000000, 0x0000000083100000, 0x0000000083100000|100%| O|  |TAMS 0x0000000083100000| PB 0x0000000083100000| Updating 
|  49|0x0000000083100000, 0x0000000083200000, 0x0000000083200000|100%| O|  |TAMS 0x0000000083200000| PB 0x0000000083200000| Untracked 
|  50|0x0000000083200000, 0x0000000083300000, 0x0000000083300000|100%| O|  |TAMS 0x0000000083300000| PB 0x0000000083300000| Untracked 
|  51|0x0000000083300000, 0x0000000083400000, 0x0000000083400000|100%| O|  |TAMS 0x0000000083400000| PB 0x0000000083400000| Updating 
|  52|0x0000000083400000, 0x0000000083500000, 0x0000000083500000|100%| O|  |TAMS 0x0000000083500000| PB 0x0000000083500000| Updating 
|  53|0x0000000083500000, 0x0000000083600000, 0x0000000083600000|100%| O|  |TAMS 0x0000000083600000| PB 0x0000000083600000| Updating 
|  54|0x0000000083600000, 0x0000000083700000, 0x0000000083700000|100%| O|  |TAMS 0x0000000083700000| PB 0x0000000083700000| Updating 
|  55|0x0000000083700000, 0x0000000083800000, 0x0000000083800000|100%| O|  |TAMS 0x0000000083800000| PB 0x0000000083800000| Untracked 
|  56|0x0000000083800000, 0x0000000083900000, 0x0000000083900000|100%|HS|  |TAMS 0x0000000083900000| PB 0x0000000083800000| Complete 
|  57|0x0000000083900000, 0x0000000083a00000, 0x0000000083a00000|100%| O|  |TAMS 0x0000000083a00000| PB 0x0000000083a00000| Updating 
|  58|0x0000000083a00000, 0x0000000083b00000, 0x0000000083b00000|100%| O|  |TAMS 0x0000000083b00000| PB 0x0000000083b00000| Untracked 
|  59|0x0000000083b00000, 0x0000000083c00000, 0x0000000083c00000|100%| O|  |TAMS 0x0000000083c00000| PB 0x0000000083c00000| Untracked 
|  60|0x0000000083c00000, 0x0000000083d00000, 0x0000000083d00000|100%| O|  |TAMS 0x0000000083d00000| PB 0x0000000083d00000| Untracked 
|  61|0x0000000083d00000, 0x0000000083e00000, 0x0000000083e00000|100%| O|  |TAMS 0x0000000083e00000| PB 0x0000000083e00000| Untracked 
|  62|0x0000000083e00000, 0x0000000083f00000, 0x0000000083f00000|100%| O|  |TAMS 0x0000000083f00000| PB 0x0000000083f00000| Untracked 
|  63|0x0000000083f00000, 0x0000000084000000, 0x0000000084000000|100%| O|  |TAMS 0x0000000084000000| PB 0x0000000084000000| Untracked 
|  64|0x0000000084000000, 0x0000000084100000, 0x0000000084100000|100%| O|  |TAMS 0x0000000084100000| PB 0x0000000084100000| Untracked 
|  65|0x0000000084100000, 0x0000000084200000, 0x0000000084200000|100%| O|  |TAMS 0x0000000084200000| PB 0x0000000084200000| Updating 
|  66|0x0000000084200000, 0x0000000084300000, 0x0000000084300000|100%| O|  |TAMS 0x0000000084300000| PB 0x0000000084300000| Updating 
|  67|0x0000000084300000, 0x0000000084400000, 0x0000000084400000|100%|HS|  |TAMS 0x0000000084400000| PB 0x0000000084300000| Complete 
|  68|0x0000000084400000, 0x0000000084500000, 0x0000000084500000|100%| O|  |TAMS 0x0000000084500000| PB 0x0000000084500000| Updating 
|  69|0x0000000084500000, 0x0000000084600000, 0x0000000084600000|100%|HS|  |TAMS 0x0000000084600000| PB 0x0000000084500000| Complete 
|  70|0x0000000084600000, 0x0000000084700000, 0x0000000084700000|100%| O|  |TAMS 0x0000000084700000| PB 0x0000000084700000| Untracked 
|  71|0x0000000084700000, 0x0000000084800000, 0x0000000084800000|100%| O|  |TAMS 0x0000000084800000| PB 0x0000000084800000| Untracked 
|  72|0x0000000084800000, 0x0000000084900000, 0x0000000084900000|100%| O|  |TAMS 0x0000000084900000| PB 0x0000000084900000| Untracked 
|  73|0x0000000084900000, 0x0000000084a00000, 0x0000000084a00000|100%| O|  |TAMS 0x0000000084a00000| PB 0x0000000084a00000| Untracked 
|  74|0x0000000084a00000, 0x0000000084b00000, 0x0000000084b00000|100%| O|  |TAMS 0x0000000084b00000| PB 0x0000000084b00000| Updating 
|  75|0x0000000084b00000, 0x0000000084c00000, 0x0000000084c00000|100%|HS|  |TAMS 0x0000000084c00000| PB 0x0000000084b00000| Complete 
|  76|0x0000000084c00000, 0x0000000084d00000, 0x0000000084d00000|100%| O|  |TAMS 0x0000000084d00000| PB 0x0000000084d00000| Untracked 
|  77|0x0000000084d00000, 0x0000000084e00000, 0x0000000084e00000|100%| O|  |TAMS 0x0000000084e00000| PB 0x0000000084e00000| Untracked 
|  78|0x0000000084e00000, 0x0000000084f00000, 0x0000000084f00000|100%| O|  |TAMS 0x0000000084f00000| PB 0x0000000084f00000| Updating 
|  79|0x0000000084f00000, 0x0000000085000000, 0x0000000085000000|100%| O|  |TAMS 0x0000000085000000| PB 0x0000000085000000| Updating 
|  80|0x0000000085000000, 0x0000000085100000, 0x0000000085100000|100%| O|  |TAMS 0x0000000085100000| PB 0x0000000085100000| Updating 
|  81|0x0000000085100000, 0x0000000085200000, 0x0000000085200000|100%| O|  |TAMS 0x0000000085200000| PB 0x0000000085200000| Updating 
|  82|0x0000000085200000, 0x0000000085300000, 0x0000000085300000|100%| O|  |TAMS 0x0000000085300000| PB 0x0000000085300000| Untracked 
|  83|0x0000000085300000, 0x0000000085400000, 0x0000000085400000|100%| O|  |TAMS 0x0000000085400000| PB 0x0000000085400000| Updating 
|  84|0x0000000085400000, 0x0000000085500000, 0x0000000085500000|100%| O|  |TAMS 0x0000000085500000| PB 0x0000000085500000| Untracked 
|  85|0x0000000085500000, 0x0000000085600000, 0x0000000085600000|100%| O|  |TAMS 0x0000000085600000| PB 0x0000000085600000| Updating 
|  86|0x0000000085600000, 0x0000000085700000, 0x0000000085700000|100%| O|  |TAMS 0x0000000085700000| PB 0x0000000085700000| Untracked 
|  87|0x0000000085700000, 0x0000000085800000, 0x0000000085800000|100%| O|  |TAMS 0x0000000085800000| PB 0x0000000085800000| Updating 
|  88|0x0000000085800000, 0x0000000085900000, 0x0000000085900000|100%| O|  |TAMS 0x0000000085900000| PB 0x0000000085900000| Untracked 
|  89|0x0000000085900000, 0x0000000085a00000, 0x0000000085a00000|100%| O|  |TAMS 0x0000000085a00000| PB 0x0000000085a00000| Untracked 
|  90|0x0000000085a00000, 0x0000000085b00000, 0x0000000085b00000|100%| O|  |TAMS 0x0000000085b00000| PB 0x0000000085b00000| Updating 
|  91|0x0000000085b00000, 0x0000000085c00000, 0x0000000085c00000|100%| O|  |TAMS 0x0000000085c00000| PB 0x0000000085c00000| Untracked 
|  92|0x0000000085c00000, 0x0000000085d00000, 0x0000000085d00000|100%| O|  |TAMS 0x0000000085d00000| PB 0x0000000085d00000| Updating 
|  93|0x0000000085d00000, 0x0000000085e00000, 0x0000000085e00000|100%| O|  |TAMS 0x0000000085e00000| PB 0x0000000085e00000| Updating 
|  94|0x0000000085e00000, 0x0000000085f00000, 0x0000000085f00000|100%| O|  |TAMS 0x0000000085f00000| PB 0x0000000085f00000| Updating 
|  95|0x0000000085f00000, 0x0000000086000000, 0x0000000086000000|100%| O|  |TAMS 0x0000000086000000| PB 0x0000000086000000| Untracked 
|  96|0x0000000086000000, 0x0000000086100000, 0x0000000086100000|100%| O|  |TAMS 0x0000000086100000| PB 0x0000000086100000| Updating 
|  97|0x0000000086100000, 0x0000000086200000, 0x0000000086200000|100%| O|  |TAMS 0x0000000086200000| PB 0x0000000086200000| Untracked 
|  98|0x0000000086200000, 0x0000000086300000, 0x0000000086300000|100%|HS|  |TAMS 0x0000000086300000| PB 0x0000000086200000| Complete 
|  99|0x0000000086300000, 0x0000000086400000, 0x0000000086400000|100%|HS|  |TAMS 0x0000000086400000| PB 0x0000000086300000| Complete 
| 100|0x0000000086400000, 0x0000000086500000, 0x0000000086500000|100%|HS|  |TAMS 0x0000000086500000| PB 0x0000000086400000| Complete 
| 101|0x0000000086500000, 0x0000000086600000, 0x0000000086600000|100%| O|  |TAMS 0x0000000086600000| PB 0x0000000086600000| Untracked 
| 102|0x0000000086600000, 0x0000000086700000, 0x0000000086700000|100%| O|  |TAMS 0x0000000086700000| PB 0x0000000086700000| Updating 
| 103|0x0000000086700000, 0x0000000086800000, 0x0000000086800000|100%| O|  |TAMS 0x0000000086800000| PB 0x0000000086800000| Updating 
| 104|0x0000000086800000, 0x0000000086900000, 0x0000000086900000|100%| O|  |TAMS 0x0000000086900000| PB 0x0000000086900000| Untracked 
| 105|0x0000000086900000, 0x0000000086a00000, 0x0000000086a00000|100%| O|  |TAMS 0x0000000086a00000| PB 0x0000000086a00000| Updating 
| 106|0x0000000086a00000, 0x0000000086b00000, 0x0000000086b00000|100%| O|  |TAMS 0x0000000086b00000| PB 0x0000000086b00000| Updating 
| 107|0x0000000086b00000, 0x0000000086c00000, 0x0000000086c00000|100%| O|  |TAMS 0x0000000086c00000| PB 0x0000000086c00000| Updating 
| 108|0x0000000086c00000, 0x0000000086d00000, 0x0000000086d00000|100%| O|  |TAMS 0x0000000086d00000| PB 0x0000000086d00000| Updating 
| 109|0x0000000086d00000, 0x0000000086e00000, 0x0000000086e00000|100%| O|  |TAMS 0x0000000086e00000| PB 0x0000000086e00000| Updating 
| 110|0x0000000086e00000, 0x0000000086f00000, 0x0000000086f00000|100%| O|  |TAMS 0x0000000086f00000| PB 0x0000000086f00000| Updating 
| 111|0x0000000086f00000, 0x0000000087000000, 0x0000000087000000|100%| O|  |TAMS 0x0000000086f00000| PB 0x0000000086f00000| Untracked 
| 112|0x0000000087000000, 0x0000000087100000, 0x0000000087100000|100%| O|  |TAMS 0x0000000087100000| PB 0x0000000087100000| Untracked 
| 113|0x0000000087100000, 0x0000000087200000, 0x0000000087200000|100%|HS|  |TAMS 0x0000000087200000| PB 0x0000000087100000| Complete 
| 114|0x0000000087200000, 0x0000000087300000, 0x0000000087300000|100%| O|  |TAMS 0x0000000087300000| PB 0x0000000087300000| Untracked 
| 115|0x0000000087300000, 0x0000000087400000, 0x0000000087400000|100%| O|  |TAMS 0x0000000087400000| PB 0x0000000087400000| Untracked 
| 116|0x0000000087400000, 0x0000000087500000, 0x0000000087500000|100%| O|  |TAMS 0x0000000087500000| PB 0x0000000087500000| Untracked 
| 117|0x0000000087500000, 0x0000000087600000, 0x0000000087600000|100%| O|  |TAMS 0x0000000087600000| PB 0x0000000087600000| Untracked 
| 118|0x0000000087600000, 0x0000000087700000, 0x0000000087700000|100%| O|  |TAMS 0x0000000087700000| PB 0x0000000087700000| Untracked 
| 119|0x0000000087700000, 0x0000000087800000, 0x0000000087800000|100%| O|  |TAMS 0x0000000087700000| PB 0x0000000087700000| Untracked 
| 120|0x0000000087800000, 0x0000000087900000, 0x0000000087900000|100%| O|  |TAMS 0x0000000087900000| PB 0x0000000087900000| Updating 
| 121|0x0000000087900000, 0x0000000087a00000, 0x0000000087a00000|100%| O|  |TAMS 0x0000000087a00000| PB 0x0000000087a00000| Updating 
| 122|0x0000000087a00000, 0x0000000087b00000, 0x0000000087b00000|100%| O|  |TAMS 0x0000000087b00000| PB 0x0000000087b00000| Updating 
| 123|0x0000000087b00000, 0x0000000087c00000, 0x0000000087c00000|100%| O|  |TAMS 0x0000000087b00000| PB 0x0000000087b00000| Untracked 
| 124|0x0000000087c00000, 0x0000000087d00000, 0x0000000087d00000|100%| O|  |TAMS 0x0000000087c00000| PB 0x0000000087c00000| Untracked 
| 125|0x0000000087d00000, 0x0000000087e00000, 0x0000000087e00000|100%| O|  |TAMS 0x0000000087d00000| PB 0x0000000087d00000| Untracked 
| 126|0x0000000087e00000, 0x0000000087f00000, 0x0000000087f00000|100%| O|  |TAMS 0x0000000087f00000| PB 0x0000000087f00000| Updating 
| 127|0x0000000087f00000, 0x0000000088000000, 0x0000000088000000|100%| O|  |TAMS 0x0000000087f00000| PB 0x0000000087f00000| Untracked 
| 128|0x0000000088000000, 0x0000000088100000, 0x0000000088100000|100%| O|  |TAMS 0x0000000088100000| PB 0x0000000088100000| Updating 
| 129|0x0000000088100000, 0x0000000088200000, 0x0000000088200000|100%| O|  |TAMS 0x0000000088200000| PB 0x0000000088200000| Untracked 
| 130|0x0000000088200000, 0x0000000088300000, 0x0000000088300000|100%| O|  |TAMS 0x0000000088300000| PB 0x0000000088300000| Updating 
| 131|0x0000000088300000, 0x0000000088400000, 0x0000000088400000|100%| O|  |TAMS 0x0000000088400000| PB 0x0000000088400000| Updating 
| 132|0x0000000088400000, 0x0000000088400000, 0x0000000088500000|  0%| F|  |TAMS 0x0000000088400000| PB 0x0000000088400000| Untracked 
| 133|0x0000000088500000, 0x0000000088600000, 0x0000000088600000|100%| O|  |TAMS 0x0000000088600000| PB 0x0000000088600000| Updating 
| 134|0x0000000088600000, 0x0000000088700000, 0x0000000088700000|100%| O|  |TAMS 0x0000000088700000| PB 0x0000000088700000| Untracked 
| 135|0x0000000088700000, 0x0000000088800000, 0x0000000088800000|100%| O|  |TAMS 0x0000000088800000| PB 0x0000000088800000| Untracked 
| 136|0x0000000088800000, 0x0000000088900000, 0x0000000088900000|100%| O|  |TAMS 0x0000000088900000| PB 0x0000000088900000| Untracked 
| 137|0x0000000088900000, 0x0000000088a00000, 0x0000000088a00000|100%| O|  |TAMS 0x0000000088a00000| PB 0x0000000088a00000| Untracked 
| 138|0x0000000088a00000, 0x0000000088b00000, 0x0000000088b00000|100%| O|  |TAMS 0x0000000088b00000| PB 0x0000000088b00000| Untracked 
| 139|0x0000000088b00000, 0x0000000088c00000, 0x0000000088c00000|100%| O|  |TAMS 0x0000000088c00000| PB 0x0000000088c00000| Untracked 
| 140|0x0000000088c00000, 0x0000000088c00000, 0x0000000088d00000|  0%| F|  |TAMS 0x0000000088c00000| PB 0x0000000088c00000| Untracked 
| 141|0x0000000088d00000, 0x0000000088e00000, 0x0000000088e00000|100%| O|  |TAMS 0x0000000088d00000| PB 0x0000000088d00000| Untracked 
| 142|0x0000000088e00000, 0x0000000088f00000, 0x0000000088f00000|100%| O|  |TAMS 0x0000000088e00000| PB 0x0000000088e00000| Untracked 
| 143|0x0000000088f00000, 0x0000000089000000, 0x0000000089000000|100%| O|  |TAMS 0x0000000089000000| PB 0x0000000089000000| Untracked 
| 144|0x0000000089000000, 0x0000000089100000, 0x0000000089100000|100%| O|  |TAMS 0x0000000089100000| PB 0x0000000089100000| Untracked 
| 145|0x0000000089100000, 0x0000000089200000, 0x0000000089200000|100%| O|  |TAMS 0x0000000089100000| PB 0x0000000089100000| Untracked 
| 146|0x0000000089200000, 0x0000000089300000, 0x0000000089300000|100%| O|  |TAMS 0x0000000089300000| PB 0x0000000089300000| Untracked 
| 147|0x0000000089300000, 0x0000000089400000, 0x0000000089400000|100%| O|  |TAMS 0x0000000089400000| PB 0x0000000089400000| Untracked 
| 148|0x0000000089400000, 0x0000000089500000, 0x0000000089500000|100%| O|  |TAMS 0x0000000089500000| PB 0x0000000089500000| Updating 
| 149|0x0000000089500000, 0x0000000089600000, 0x0000000089600000|100%| O|  |TAMS 0x0000000089600000| PB 0x0000000089600000| Updating 
| 150|0x0000000089600000, 0x0000000089700000, 0x0000000089700000|100%| O|  |TAMS 0x0000000089700000| PB 0x0000000089700000| Updating 
| 151|0x0000000089700000, 0x0000000089800000, 0x0000000089800000|100%| O|  |TAMS 0x0000000089800000| PB 0x0000000089800000| Updating 
| 152|0x0000000089800000, 0x0000000089900000, 0x0000000089900000|100%| O|  |TAMS 0x0000000089900000| PB 0x0000000089900000| Untracked 
| 153|0x0000000089900000, 0x0000000089a00000, 0x0000000089a00000|100%| O|  |TAMS 0x0000000089a00000| PB 0x0000000089a00000| Untracked 
| 154|0x0000000089a00000, 0x0000000089b00000, 0x0000000089b00000|100%| O|  |TAMS 0x0000000089b00000| PB 0x0000000089b00000| Updating 
| 155|0x0000000089b00000, 0x0000000089c00000, 0x0000000089c00000|100%| O|  |TAMS 0x0000000089b6ca00| PB 0x0000000089b6ca00| Updating 
| 156|0x0000000089c00000, 0x0000000089d00000, 0x0000000089d00000|100%| O|  |TAMS 0x0000000089c00000| PB 0x0000000089c00000| Untracked 
| 157|0x0000000089d00000, 0x0000000089d68200, 0x0000000089e00000| 40%| O|  |TAMS 0x0000000089d00000| PB 0x0000000089d00000| Updating 
| 158|0x0000000089e00000, 0x0000000089e00000, 0x0000000089f00000|  0%| F|  |TAMS 0x0000000089e00000| PB 0x0000000089e00000| Untracked 
| 159|0x0000000089f00000, 0x0000000089f00000, 0x000000008a000000|  0%| F|  |TAMS 0x0000000089f00000| PB 0x0000000089f00000| Untracked 
| 160|0x000000008a000000, 0x000000008a000000, 0x000000008a100000|  0%| F|  |TAMS 0x000000008a000000| PB 0x000000008a000000| Untracked 
| 161|0x000000008a100000, 0x000000008a100000, 0x000000008a200000|  0%| F|  |TAMS 0x000000008a100000| PB 0x000000008a100000| Untracked 
| 162|0x000000008a200000, 0x000000008a200000, 0x000000008a300000|  0%| F|  |TAMS 0x000000008a200000| PB 0x000000008a200000| Untracked 
| 163|0x000000008a300000, 0x000000008a300000, 0x000000008a400000|  0%| F|  |TAMS 0x000000008a300000| PB 0x000000008a300000| Untracked 
| 164|0x000000008a400000, 0x000000008a400000, 0x000000008a500000|  0%| F|  |TAMS 0x000000008a400000| PB 0x000000008a400000| Untracked 
| 165|0x000000008a500000, 0x000000008a500000, 0x000000008a600000|  0%| F|  |TAMS 0x000000008a500000| PB 0x000000008a500000| Untracked 
| 166|0x000000008a600000, 0x000000008a600000, 0x000000008a700000|  0%| F|  |TAMS 0x000000008a600000| PB 0x000000008a600000| Untracked 
| 167|0x000000008a700000, 0x000000008a700000, 0x000000008a800000|  0%| F|  |TAMS 0x000000008a700000| PB 0x000000008a700000| Untracked 
| 168|0x000000008a800000, 0x000000008a800000, 0x000000008a900000|  0%| F|  |TAMS 0x000000008a800000| PB 0x000000008a800000| Untracked 
| 169|0x000000008a900000, 0x000000008a900000, 0x000000008aa00000|  0%| F|  |TAMS 0x000000008a900000| PB 0x000000008a900000| Untracked 
| 170|0x000000008aa00000, 0x000000008aa00000, 0x000000008ab00000|  0%| F|  |TAMS 0x000000008aa00000| PB 0x000000008aa00000| Untracked 
| 171|0x000000008ab00000, 0x000000008ab00000, 0x000000008ac00000|  0%| F|  |TAMS 0x000000008ab00000| PB 0x000000008ab00000| Untracked 
| 172|0x000000008ac00000, 0x000000008ac00000, 0x000000008ad00000|  0%| F|  |TAMS 0x000000008ac00000| PB 0x000000008ac00000| Untracked 
| 173|0x000000008ad00000, 0x000000008ad00000, 0x000000008ae00000|  0%| F|  |TAMS 0x000000008ad00000| PB 0x000000008ad00000| Untracked 
| 174|0x000000008ae00000, 0x000000008ae00000, 0x000000008af00000|  0%| F|  |TAMS 0x000000008ae00000| PB 0x000000008ae00000| Untracked 
| 175|0x000000008af00000, 0x000000008af00000, 0x000000008b000000|  0%| F|  |TAMS 0x000000008af00000| PB 0x000000008af00000| Untracked 
| 176|0x000000008b000000, 0x000000008b000000, 0x000000008b100000|  0%| F|  |TAMS 0x000000008b000000| PB 0x000000008b000000| Untracked 
| 177|0x000000008b100000, 0x000000008b100000, 0x000000008b200000|  0%| F|  |TAMS 0x000000008b100000| PB 0x000000008b100000| Untracked 
| 178|0x000000008b200000, 0x000000008b200000, 0x000000008b300000|  0%| F|  |TAMS 0x000000008b200000| PB 0x000000008b200000| Untracked 
| 179|0x000000008b300000, 0x000000008b300000, 0x000000008b400000|  0%| F|  |TAMS 0x000000008b300000| PB 0x000000008b300000| Untracked 
| 180|0x000000008b400000, 0x000000008b400000, 0x000000008b500000|  0%| F|  |TAMS 0x000000008b400000| PB 0x000000008b400000| Untracked 
| 181|0x000000008b500000, 0x000000008b500000, 0x000000008b600000|  0%| F|  |TAMS 0x000000008b500000| PB 0x000000008b500000| Untracked 
| 182|0x000000008b600000, 0x000000008b600000, 0x000000008b700000|  0%| F|  |TAMS 0x000000008b600000| PB 0x000000008b600000| Untracked 
| 183|0x000000008b700000, 0x000000008b700000, 0x000000008b800000|  0%| F|  |TAMS 0x000000008b700000| PB 0x000000008b700000| Untracked 
| 184|0x000000008b800000, 0x000000008b800000, 0x000000008b900000|  0%| F|  |TAMS 0x000000008b800000| PB 0x000000008b800000| Untracked 
| 185|0x000000008b900000, 0x000000008b900000, 0x000000008ba00000|  0%| F|  |TAMS 0x000000008b900000| PB 0x000000008b900000| Untracked 
| 186|0x000000008ba00000, 0x000000008ba00000, 0x000000008bb00000|  0%| F|  |TAMS 0x000000008ba00000| PB 0x000000008ba00000| Untracked 
| 187|0x000000008bb00000, 0x000000008bb00000, 0x000000008bc00000|  0%| F|  |TAMS 0x000000008bb00000| PB 0x000000008bb00000| Untracked 
| 188|0x000000008bc00000, 0x000000008bc00000, 0x000000008bd00000|  0%| F|  |TAMS 0x000000008bc00000| PB 0x000000008bc00000| Untracked 
| 189|0x000000008bd00000, 0x000000008bd412e8, 0x000000008be00000| 25%| S|CS|TAMS 0x000000008bd00000| PB 0x000000008bd00000| Complete 
| 190|0x000000008be00000, 0x000000008bf00000, 0x000000008bf00000|100%| S|CS|TAMS 0x000000008be00000| PB 0x000000008be00000| Complete 
| 191|0x000000008bf00000, 0x000000008c000000, 0x000000008c000000|100%| S|CS|TAMS 0x000000008bf00000| PB 0x000000008bf00000| Complete 
| 192|0x000000008c000000, 0x000000008c100000, 0x000000008c100000|100%| S|CS|TAMS 0x000000008c000000| PB 0x000000008c000000| Complete 
| 193|0x000000008c100000, 0x000000008c200000, 0x000000008c200000|100%| S|CS|TAMS 0x000000008c100000| PB 0x000000008c100000| Complete 
| 194|0x000000008c200000, 0x000000008c300000, 0x000000008c300000|100%| S|CS|TAMS 0x000000008c200000| PB 0x000000008c200000| Complete 
| 195|0x000000008c300000, 0x000000008c400000, 0x000000008c400000|100%| S|CS|TAMS 0x000000008c300000| PB 0x000000008c300000| Complete 
| 196|0x000000008c400000, 0x000000008c500000, 0x000000008c500000|100%| S|CS|TAMS 0x000000008c400000| PB 0x000000008c400000| Complete 
| 197|0x000000008c500000, 0x000000008c500000, 0x000000008c600000|  0%| F|  |TAMS 0x000000008c500000| PB 0x000000008c500000| Untracked 
| 198|0x000000008c600000, 0x000000008c600000, 0x000000008c700000|  0%| F|  |TAMS 0x000000008c600000| PB 0x000000008c600000| Untracked 
| 199|0x000000008c700000, 0x000000008c700000, 0x000000008c800000|  0%| F|  |TAMS 0x000000008c700000| PB 0x000000008c700000| Untracked 
| 200|0x000000008c800000, 0x000000008c800000, 0x000000008c900000|  0%| F|  |TAMS 0x000000008c800000| PB 0x000000008c800000| Untracked 
| 201|0x000000008c900000, 0x000000008c900000, 0x000000008ca00000|  0%| F|  |TAMS 0x000000008c900000| PB 0x000000008c900000| Untracked 
| 202|0x000000008ca00000, 0x000000008ca00000, 0x000000008cb00000|  0%| F|  |TAMS 0x000000008ca00000| PB 0x000000008ca00000| Untracked 
| 203|0x000000008cb00000, 0x000000008cb00000, 0x000000008cc00000|  0%| F|  |TAMS 0x000000008cb00000| PB 0x000000008cb00000| Untracked 
| 204|0x000000008cc00000, 0x000000008cc00000, 0x000000008cd00000|  0%| F|  |TAMS 0x000000008cc00000| PB 0x000000008cc00000| Untracked 
| 205|0x000000008cd00000, 0x000000008cd00000, 0x000000008ce00000|  0%| F|  |TAMS 0x000000008cd00000| PB 0x000000008cd00000| Untracked 
| 206|0x000000008ce00000, 0x000000008ce00000, 0x000000008cf00000|  0%| F|  |TAMS 0x000000008ce00000| PB 0x000000008ce00000| Untracked 
| 207|0x000000008cf00000, 0x000000008cf00000, 0x000000008d000000|  0%| F|  |TAMS 0x000000008cf00000| PB 0x000000008cf00000| Untracked 
| 208|0x000000008d000000, 0x000000008d000000, 0x000000008d100000|  0%| F|  |TAMS 0x000000008d000000| PB 0x000000008d000000| Untracked 
| 209|0x000000008d100000, 0x000000008d100000, 0x000000008d200000|  0%| F|  |TAMS 0x000000008d100000| PB 0x000000008d100000| Untracked 
| 210|0x000000008d200000, 0x000000008d200000, 0x000000008d300000|  0%| F|  |TAMS 0x000000008d200000| PB 0x000000008d200000| Untracked 
| 211|0x000000008d300000, 0x000000008d300000, 0x000000008d400000|  0%| F|  |TAMS 0x000000008d300000| PB 0x000000008d300000| Untracked 
| 212|0x000000008d400000, 0x000000008d400000, 0x000000008d500000|  0%| F|  |TAMS 0x000000008d400000| PB 0x000000008d400000| Untracked 
| 213|0x000000008d500000, 0x000000008d500000, 0x000000008d600000|  0%| F|  |TAMS 0x000000008d500000| PB 0x000000008d500000| Untracked 
| 214|0x000000008d600000, 0x000000008d600000, 0x000000008d700000|  0%| F|  |TAMS 0x000000008d600000| PB 0x000000008d600000| Untracked 
| 215|0x000000008d700000, 0x000000008d700000, 0x000000008d800000|  0%| F|  |TAMS 0x000000008d700000| PB 0x000000008d700000| Untracked 
| 216|0x000000008d800000, 0x000000008d800000, 0x000000008d900000|  0%| F|  |TAMS 0x000000008d800000| PB 0x000000008d800000| Untracked 
| 217|0x000000008d900000, 0x000000008d900000, 0x000000008da00000|  0%| F|  |TAMS 0x000000008d900000| PB 0x000000008d900000| Untracked 
| 218|0x000000008da00000, 0x000000008da00000, 0x000000008db00000|  0%| F|  |TAMS 0x000000008da00000| PB 0x000000008da00000| Untracked 
| 219|0x000000008db00000, 0x000000008db00000, 0x000000008dc00000|  0%| F|  |TAMS 0x000000008db00000| PB 0x000000008db00000| Untracked 
| 220|0x000000008dc00000, 0x000000008dc00000, 0x000000008dd00000|  0%| F|  |TAMS 0x000000008dc00000| PB 0x000000008dc00000| Untracked 
| 221|0x000000008dd00000, 0x000000008dd00000, 0x000000008de00000|  0%| F|  |TAMS 0x000000008dd00000| PB 0x000000008dd00000| Untracked 
| 222|0x000000008de00000, 0x000000008de00000, 0x000000008df00000|  0%| F|  |TAMS 0x000000008de00000| PB 0x000000008de00000| Untracked 
| 223|0x000000008df00000, 0x000000008df00000, 0x000000008e000000|  0%| F|  |TAMS 0x000000008df00000| PB 0x000000008df00000| Untracked 
| 224|0x000000008e000000, 0x000000008e000000, 0x000000008e100000|  0%| F|  |TAMS 0x000000008e000000| PB 0x000000008e000000| Untracked 
| 225|0x000000008e100000, 0x000000008e100000, 0x000000008e200000|  0%| F|  |TAMS 0x000000008e100000| PB 0x000000008e100000| Untracked 
| 226|0x000000008e200000, 0x000000008e200000, 0x000000008e300000|  0%| F|  |TAMS 0x000000008e200000| PB 0x000000008e200000| Untracked 
| 227|0x000000008e300000, 0x000000008e300000, 0x000000008e400000|  0%| F|  |TAMS 0x000000008e300000| PB 0x000000008e300000| Untracked 
| 228|0x000000008e400000, 0x000000008e400000, 0x000000008e500000|  0%| F|  |TAMS 0x000000008e400000| PB 0x000000008e400000| Untracked 
| 229|0x000000008e500000, 0x000000008e500000, 0x000000008e600000|  0%| F|  |TAMS 0x000000008e500000| PB 0x000000008e500000| Untracked 
| 230|0x000000008e600000, 0x000000008e600000, 0x000000008e700000|  0%| F|  |TAMS 0x000000008e600000| PB 0x000000008e600000| Untracked 
| 231|0x000000008e700000, 0x000000008e700000, 0x000000008e800000|  0%| F|  |TAMS 0x000000008e700000| PB 0x000000008e700000| Untracked 
| 232|0x000000008e800000, 0x000000008e800000, 0x000000008e900000|  0%| F|  |TAMS 0x000000008e800000| PB 0x000000008e800000| Untracked 
| 233|0x000000008e900000, 0x000000008e900000, 0x000000008ea00000|  0%| F|  |TAMS 0x000000008e900000| PB 0x000000008e900000| Untracked 
| 234|0x000000008ea00000, 0x000000008ea00000, 0x000000008eb00000|  0%| F|  |TAMS 0x000000008ea00000| PB 0x000000008ea00000| Untracked 
| 235|0x000000008eb00000, 0x000000008eb00000, 0x000000008ec00000|  0%| F|  |TAMS 0x000000008eb00000| PB 0x000000008eb00000| Untracked 
| 236|0x000000008ec00000, 0x000000008ec00000, 0x000000008ed00000|  0%| F|  |TAMS 0x000000008ec00000| PB 0x000000008ec00000| Untracked 
| 237|0x000000008ed00000, 0x000000008ed00000, 0x000000008ee00000|  0%| F|  |TAMS 0x000000008ed00000| PB 0x000000008ed00000| Untracked 
| 238|0x000000008ee00000, 0x000000008ee00000, 0x000000008ef00000|  0%| F|  |TAMS 0x000000008ee00000| PB 0x000000008ee00000| Untracked 
| 239|0x000000008ef00000, 0x000000008ef00000, 0x000000008f000000|  0%| F|  |TAMS 0x000000008ef00000| PB 0x000000008ef00000| Untracked 
| 240|0x000000008f000000, 0x000000008f000000, 0x000000008f100000|  0%| F|  |TAMS 0x000000008f000000| PB 0x000000008f000000| Untracked 
| 241|0x000000008f100000, 0x000000008f100000, 0x000000008f200000|  0%| F|  |TAMS 0x000000008f100000| PB 0x000000008f100000| Untracked 
| 242|0x000000008f200000, 0x000000008f200000, 0x000000008f300000|  0%| F|  |TAMS 0x000000008f200000| PB 0x000000008f200000| Untracked 
| 243|0x000000008f300000, 0x000000008f300000, 0x000000008f400000|  0%| F|  |TAMS 0x000000008f300000| PB 0x000000008f300000| Untracked 
| 244|0x000000008f400000, 0x000000008f400000, 0x000000008f500000|  0%| F|  |TAMS 0x000000008f400000| PB 0x000000008f400000| Untracked 
| 245|0x000000008f500000, 0x000000008f500000, 0x000000008f600000|  0%| F|  |TAMS 0x000000008f500000| PB 0x000000008f500000| Untracked 
| 246|0x000000008f600000, 0x000000008f600000, 0x000000008f700000|  0%| F|  |TAMS 0x000000008f600000| PB 0x000000008f600000| Untracked 
| 247|0x000000008f700000, 0x000000008f700000, 0x000000008f800000|  0%| F|  |TAMS 0x000000008f700000| PB 0x000000008f700000| Untracked 
| 248|0x000000008f800000, 0x000000008f800000, 0x000000008f900000|  0%| F|  |TAMS 0x000000008f800000| PB 0x000000008f800000| Untracked 
| 249|0x000000008f900000, 0x000000008f900000, 0x000000008fa00000|  0%| F|  |TAMS 0x000000008f900000| PB 0x000000008f900000| Untracked 
| 250|0x000000008fa00000, 0x000000008fa00000, 0x000000008fb00000|  0%| F|  |TAMS 0x000000008fa00000| PB 0x000000008fa00000| Untracked 
| 251|0x000000008fb00000, 0x000000008fb00000, 0x000000008fc00000|  0%| F|  |TAMS 0x000000008fb00000| PB 0x000000008fb00000| Untracked 
| 252|0x000000008fc00000, 0x000000008fc00000, 0x000000008fd00000|  0%| F|  |TAMS 0x000000008fc00000| PB 0x000000008fc00000| Untracked 
| 253|0x000000008fd00000, 0x000000008fd00000, 0x000000008fe00000|  0%| F|  |TAMS 0x000000008fd00000| PB 0x000000008fd00000| Untracked 
| 254|0x000000008fe00000, 0x000000008fe00000, 0x000000008ff00000|  0%| F|  |TAMS 0x000000008fe00000| PB 0x000000008fe00000| Untracked 
| 255|0x000000008ff00000, 0x000000008ff00000, 0x0000000090000000|  0%| F|  |TAMS 0x000000008ff00000| PB 0x000000008ff00000| Untracked 
| 256|0x0000000090000000, 0x0000000090000000, 0x0000000090100000|  0%| F|  |TAMS 0x0000000090000000| PB 0x0000000090000000| Untracked 
| 257|0x0000000090100000, 0x0000000090100000, 0x0000000090200000|  0%| F|  |TAMS 0x0000000090100000| PB 0x0000000090100000| Untracked 
| 258|0x0000000090200000, 0x0000000090200000, 0x0000000090300000|  0%| F|  |TAMS 0x0000000090200000| PB 0x0000000090200000| Untracked 
| 259|0x0000000090300000, 0x00000000903c5298, 0x0000000090400000| 77%| E|  |TAMS 0x0000000090300000| PB 0x0000000090300000| Complete 
| 260|0x0000000090400000, 0x0000000090500000, 0x0000000090500000|100%| E|CS|TAMS 0x0000000090400000| PB 0x0000000090400000| Complete 
| 261|0x0000000090500000, 0x0000000090600000, 0x0000000090600000|100%| E|CS|TAMS 0x0000000090500000| PB 0x0000000090500000| Complete 
| 262|0x0000000090600000, 0x0000000090700000, 0x0000000090700000|100%| E|CS|TAMS 0x0000000090600000| PB 0x0000000090600000| Complete 
| 263|0x0000000090700000, 0x0000000090800000, 0x0000000090800000|100%| E|CS|TAMS 0x0000000090700000| PB 0x0000000090700000| Complete 
| 264|0x0000000090800000, 0x0000000090900000, 0x0000000090900000|100%| E|CS|TAMS 0x0000000090800000| PB 0x0000000090800000| Complete 
| 265|0x0000000090900000, 0x0000000090a00000, 0x0000000090a00000|100%| E|CS|TAMS 0x0000000090900000| PB 0x0000000090900000| Complete 
| 266|0x0000000090a00000, 0x0000000090b00000, 0x0000000090b00000|100%| E|CS|TAMS 0x0000000090a00000| PB 0x0000000090a00000| Complete 
| 267|0x0000000090b00000, 0x0000000090c00000, 0x0000000090c00000|100%| E|CS|TAMS 0x0000000090b00000| PB 0x0000000090b00000| Complete 
|2011|0x00000000fdb00000, 0x00000000fdc00000, 0x00000000fdc00000|100%| O|  |TAMS 0x00000000fdc00000| PB 0x00000000fdc00000| Updating 
|2012|0x00000000fdc00000, 0x00000000fdd00000, 0x00000000fdd00000|100%| O|  |TAMS 0x00000000fdd00000| PB 0x00000000fdd00000| Updating 
|2013|0x00000000fdd00000, 0x00000000fde00000, 0x00000000fde00000|100%| O|  |TAMS 0x00000000fde00000| PB 0x00000000fde00000| Updating 
|2014|0x00000000fde00000, 0x00000000fdf00000, 0x00000000fdf00000|100%| O|  |TAMS 0x00000000fdf00000| PB 0x00000000fdf00000| Updating 
|2015|0x00000000fdf00000, 0x00000000fe000000, 0x00000000fe000000|100%| O|  |TAMS 0x00000000fe000000| PB 0x00000000fe000000| Untracked 
|2016|0x00000000fe000000, 0x00000000fe100000, 0x00000000fe100000|100%| O|  |TAMS 0x00000000fe100000| PB 0x00000000fe100000| Untracked 
|2017|0x00000000fe100000, 0x00000000fe200000, 0x00000000fe200000|100%| O|  |TAMS 0x00000000fe200000| PB 0x00000000fe200000| Untracked 
|2018|0x00000000fe200000, 0x00000000fe300000, 0x00000000fe300000|100%| O|  |TAMS 0x00000000fe300000| PB 0x00000000fe300000| Untracked 
|2019|0x00000000fe300000, 0x00000000fe400000, 0x00000000fe400000|100%| O|  |TAMS 0x00000000fe400000| PB 0x00000000fe400000| Untracked 
|2020|0x00000000fe400000, 0x00000000fe500000, 0x00000000fe500000|100%| O|  |TAMS 0x00000000fe500000| PB 0x00000000fe500000| Updating 
|2021|0x00000000fe500000, 0x00000000fe600000, 0x00000000fe600000|100%| O|  |TAMS 0x00000000fe600000| PB 0x00000000fe600000| Untracked 
|2022|0x00000000fe600000, 0x00000000fe700000, 0x00000000fe700000|100%| O|  |TAMS 0x00000000fe700000| PB 0x00000000fe700000| Untracked 
|2023|0x00000000fe700000, 0x00000000fe800000, 0x00000000fe800000|100%| O|  |TAMS 0x00000000fe800000| PB 0x00000000fe800000| Updating 
|2024|0x00000000fe800000, 0x00000000fe900000, 0x00000000fe900000|100%| O|  |TAMS 0x00000000fe900000| PB 0x00000000fe900000| Untracked 
|2025|0x00000000fe900000, 0x00000000fea00000, 0x00000000fea00000|100%| O|  |TAMS 0x00000000fea00000| PB 0x00000000fea00000| Updating 
|2026|0x00000000fea00000, 0x00000000feb00000, 0x00000000feb00000|100%| O|  |TAMS 0x00000000feb00000| PB 0x00000000feb00000| Updating 
|2027|0x00000000feb00000, 0x00000000fec00000, 0x00000000fec00000|100%| O|  |TAMS 0x00000000fec00000| PB 0x00000000fec00000| Untracked 
|2028|0x00000000fec00000, 0x00000000fed00000, 0x00000000fed00000|100%| O|  |TAMS 0x00000000fed00000| PB 0x00000000fed00000| Untracked 
|2029|0x00000000fed00000, 0x00000000fee00000, 0x00000000fee00000|100%| O|  |TAMS 0x00000000fee00000| PB 0x00000000fee00000| Untracked 
|2030|0x00000000fee00000, 0x00000000fef00000, 0x00000000fef00000|100%| O|  |TAMS 0x00000000fef00000| PB 0x00000000fef00000| Updating 
|2031|0x00000000fef00000, 0x00000000ff000000, 0x00000000ff000000|100%| O|  |TAMS 0x00000000ff000000| PB 0x00000000ff000000| Updating 
|2032|0x00000000ff000000, 0x00000000ff100000, 0x00000000ff100000|100%| O|  |TAMS 0x00000000ff100000| PB 0x00000000ff100000| Updating 
|2033|0x00000000ff100000, 0x00000000ff200000, 0x00000000ff200000|100%| O|  |TAMS 0x00000000ff200000| PB 0x00000000ff200000| Untracked 
|2034|0x00000000ff200000, 0x00000000ff300000, 0x00000000ff300000|100%| E|CS|TAMS 0x00000000ff200000| PB 0x00000000ff200000| Complete 
|2035|0x00000000ff300000, 0x00000000ff400000, 0x00000000ff400000|100%| E|CS|TAMS 0x00000000ff300000| PB 0x00000000ff300000| Complete 
|2036|0x00000000ff400000, 0x00000000ff500000, 0x00000000ff500000|100%| O|  |TAMS 0x00000000ff500000| PB 0x00000000ff500000| Untracked 
|2037|0x00000000ff500000, 0x00000000ff600000, 0x00000000ff600000|100%| O|  |TAMS 0x00000000ff600000| PB 0x00000000ff600000| Untracked 
|2038|0x00000000ff600000, 0x00000000ff700000, 0x00000000ff700000|100%| O|  |TAMS 0x00000000ff700000| PB 0x00000000ff700000| Updating 
|2039|0x00000000ff700000, 0x00000000ff800000, 0x00000000ff800000|100%| E|  |TAMS 0x00000000ff700000| PB 0x00000000ff700000| Complete 
|2040|0x00000000ff800000, 0x00000000ff900000, 0x00000000ff900000|100%| E|CS|TAMS 0x00000000ff800000| PB 0x00000000ff800000| Complete 
|2041|0x00000000ff900000, 0x00000000ffa00000, 0x00000000ffa00000|100%| E|CS|TAMS 0x00000000ff900000| PB 0x00000000ff900000| Complete 
|2042|0x00000000ffa00000, 0x00000000ffb00000, 0x00000000ffb00000|100%| O|  |TAMS 0x00000000ffb00000| PB 0x00000000ffb00000| Untracked 
|2043|0x00000000ffb00000, 0x00000000ffc00000, 0x00000000ffc00000|100%| E|CS|TAMS 0x00000000ffb00000| PB 0x00000000ffb00000| Complete 
|2044|0x00000000ffc00000, 0x00000000ffd00000, 0x00000000ffd00000|100%| O|  |TAMS 0x00000000ffd00000| PB 0x00000000ffd00000| Updating 
|2045|0x00000000ffd00000, 0x00000000ffe00000, 0x00000000ffe00000|100%| O|  |TAMS 0x00000000ffe00000| PB 0x00000000ffe00000| Updating 
|2046|0x00000000ffe00000, 0x00000000fff00000, 0x00000000fff00000|100%| E|CS|TAMS 0x00000000ffe00000| PB 0x00000000ffe00000| Complete 
|2047|0x00000000fff00000, 0x0000000100000000, 0x0000000100000000|100%| O|  |TAMS 0x0000000100000000| PB 0x0000000100000000| Updating 

Card table byte_map: [0x0000027358e80000,0x0000027359280000] _byte_map_base: 0x0000027358a80000

Marking Bits: (CMBitMap*) 0x000002733f4bd580
 Bits: [0x0000027359680000, 0x000002735b680000)

Polling page: 0x000002733f7c0000

Metaspace:

Usage:
  Non-class:    145.02 MB used.
      Class:     21.07 MB used.
       Both:    166.09 MB used.

Virtual space:
  Non-class space:      192.00 MB reserved,     146.50 MB ( 76%) committed,  3 nodes.
      Class space:        1.00 GB reserved,      22.50 MB (  2%) committed,  1 nodes.
             Both:        1.19 GB reserved,     169.00 MB ( 14%) committed. 

Chunk freelists:
   Non-Class:  1.05 MB
       Class:  1.34 MB
        Both:  2.39 MB

MaxMetaspaceSize: unlimited
CompressedClassSpaceSize: 1.00 GB
Initial GC threshold: 21.00 MB
Current GC threshold: 278.56 MB
CDS: on
MetaspaceReclaimPolicy: balanced
 - commit_granule_bytes: 65536.
 - commit_granule_words: 8192.
 - virtual_space_node_default_size: 8388608.
 - enlarge_chunks_in_place: 1.
 - new_chunks_are_fully_committed: 0.
 - uncommit_free_chunks: 1.
 - use_allocation_guard: 0.


Internal statistics:

num_allocs_failed_limit: 15.
num_arena_births: 5320.
num_arena_deaths: 0.
num_vsnodes_births: 4.
num_vsnodes_deaths: 0.
num_space_committed: 2700.
num_space_uncommitted: 0.
num_chunks_returned_to_freelist: 15.
num_chunks_taken_from_freelist: 12386.
num_chunk_merges: 6.
num_chunk_splits: 8657.
num_chunks_enlarged: 6064.
num_inconsistent_stats: 0.

CodeHeap 'non-profiled nmethods': size=120000Kb used=10833Kb max_used=11471Kb free=109166Kb
 bounds [0x0000027350ac0000, 0x0000027351600000, 0x0000027357ff0000]
CodeHeap 'profiled nmethods': size=120000Kb used=38936Kb max_used=40271Kb free=81063Kb
 bounds [0x0000027348ff0000, 0x000002734b750000, 0x0000027350520000]
CodeHeap 'non-nmethods': size=5760Kb used=3327Kb max_used=3361Kb free=2432Kb
 bounds [0x0000027350520000, 0x0000027350880000, 0x0000027350ac0000]
 total_blobs=19201 nmethods=17956 adapters=1150
 compilation: enabled
              stopped_count=0, restarted_count=0
 full_count=0

Compilation events (20 events):
Event: 811.712 Thread 0x00000273aabe4a00 21381       4       java.lang.ThreadLocal::set (9 bytes)
Event: 811.733 Thread 0x00000273aabe4a00 nmethod 21381 0x00000273515f0d10 code [0x00000273515f0ec0, 0x00000273515f1660]
Event: 811.733 Thread 0x00000273aabe4a00 21380       4       org.gradle.internal.snapshot.ChildMap$Entry::handleAncestorDescendantOrExactMatch (110 bytes)
Event: 811.746 Thread 0x000002735da12380 21403       3       com.google.common.collect.ImmutableSet$RegularSetBuilderImpl::add (68 bytes)
Event: 811.750 Thread 0x000002735da12380 nmethod 21403 0x000002734b741d10 code [0x000002734b741f20, 0x000002734b742430]
Event: 811.750 Thread 0x000002735da12380 21404       3       com.google.common.collect.ImmutableSet$SetBuilderImpl::addDedupedElement (28 bytes)
Event: 811.751 Thread 0x000002735da12380 nmethod 21404 0x000002734b742690 code [0x000002734b742860, 0x000002734b742d40]
Event: 811.751 Thread 0x00000273aabe4a00 nmethod 21380 0x00000273515f1a10 code [0x00000273515f1c20, 0x00000273515f2410]
Event: 811.752 Thread 0x00000273aabe4a00 21378       4       org.gradle.internal.logging.slf4j.BuildOperationAwareLogger::debug (18 bytes)
Event: 811.754 Thread 0x000002735da12380 21405       3       com.google.common.base.Preconditions::checkPositionIndex (8 bytes)
Event: 811.754 Thread 0x000002735da12380 nmethod 21405 0x000002734b742f90 code [0x000002734b743120, 0x000002734b743240]
Event: 811.754 Thread 0x000002735da12380 21406       3       com.google.common.base.Preconditions::checkPositionIndex (25 bytes)
Event: 811.754 Thread 0x00000273aabe4a00 nmethod 21378 0x00000273515f2b10 code [0x00000273515f2ca0, 0x00000273515f2e00]
Event: 811.754 Thread 0x00000273aabe4a00 21324       4       org.gradle.internal.io.StreamByteBuffer::prepareRead (102 bytes)
Event: 811.755 Thread 0x000002735da12380 nmethod 21406 0x000002734b743310 code [0x000002734b7434c0, 0x000002734b743728]
Event: 811.758 Thread 0x000002735da12380 21407       3       org.gradle.internal.service.DefaultServiceRegistry$ParentServices::getFactory (12 bytes)
Event: 811.758 Thread 0x000002735da12380 nmethod 21407 0x000002734b743890 code [0x000002734b743a20, 0x000002734b743bf0]
Event: 811.766 Thread 0x00000273aabe4a00 nmethod 21324 0x00000273515f3010 code [0x00000273515f3180, 0x00000273515f36d8]
Event: 811.767 Thread 0x00000273aabe4a00 21325       4       org.gradle.cache.internal.btree.KeyHasher$MessageDigestStream::write (11 bytes)
Event: 811.768 Thread 0x00000273aabe4a00 nmethod 21325 0x00000273515f3890 code [0x00000273515f3a00, 0x00000273515f3b00]

GC Heap History (20 events):
Event: 62.938 GC heap before
{Heap before GC invocations=48 (full 0):
 garbage-first heap   total 276480K, used 205797K [0x0000000080000000, 0x0000000100000000)
  region size 1024K, 66 young (67584K), 4 survivors (4096K)
 Metaspace       used 136755K, committed 139392K, reserved 1179648K
  class space    used 17661K, committed 19008K, reserved 1048576K
}
Event: 62.946 GC heap after
{Heap after GC invocations=49 (full 0):
 garbage-first heap   total 276480K, used 146152K [0x0000000080000000, 0x0000000100000000)
  region size 1024K, 9 young (9216K), 9 survivors (9216K)
 Metaspace       used 136755K, committed 139392K, reserved 1179648K
  class space    used 17661K, committed 19008K, reserved 1048576K
}
Event: 66.753 GC heap before
{Heap before GC invocations=49 (full 0):
 garbage-first heap   total 276480K, used 236264K [0x0000000080000000, 0x0000000100000000)
  region size 1024K, 97 young (99328K), 9 survivors (9216K)
 Metaspace       used 142989K, committed 145728K, reserved 1179648K
  class space    used 18245K, committed 19584K, reserved 1048576K
}
Event: 66.768 GC heap after
{Heap after GC invocations=50 (full 0):
 garbage-first heap   total 276480K, used 152819K [0x0000000080000000, 0x0000000100000000)
  region size 1024K, 13 young (13312K), 13 survivors (13312K)
 Metaspace       used 142989K, committed 145728K, reserved 1179648K
  class space    used 18245K, committed 19584K, reserved 1048576K
}
Event: 69.295 GC heap before
{Heap before GC invocations=50 (full 0):
 garbage-first heap   total 276480K, used 237811K [0x0000000080000000, 0x0000000100000000)
  region size 1024K, 95 young (97280K), 13 survivors (13312K)
 Metaspace       used 149123K, committed 151872K, reserved 1245184K
  class space    used 19236K, committed 20608K, reserved 1048576K
}
Event: 69.313 GC heap after
{Heap after GC invocations=51 (full 0):
 garbage-first heap   total 276480K, used 152937K [0x0000000080000000, 0x0000000100000000)
  region size 1024K, 4 young (4096K), 4 survivors (4096K)
 Metaspace       used 149123K, committed 151872K, reserved 1245184K
  class space    used 19236K, committed 20608K, reserved 1048576K
}
Event: 71.267 GC heap before
{Heap before GC invocations=51 (full 0):
 garbage-first heap   total 276480K, used 208233K [0x0000000080000000, 0x0000000100000000)
  region size 1024K, 60 young (61440K), 4 survivors (4096K)
 Metaspace       used 151265K, committed 154112K, reserved 1245184K
  class space    used 19462K, committed 20864K, reserved 1048576K
}
Event: 71.281 GC heap after
{Heap after GC invocations=52 (full 0):
 garbage-first heap   total 276480K, used 153064K [0x0000000080000000, 0x0000000100000000)
  region size 1024K, 11 young (11264K), 11 survivors (11264K)
 Metaspace       used 151265K, committed 154112K, reserved 1245184K
  class space    used 19462K, committed 20864K, reserved 1048576K
}
Event: 77.088 GC heap before
{Heap before GC invocations=53 (full 0):
 garbage-first heap   total 276480K, used 246724K [0x0000000080000000, 0x0000000100000000)
  region size 1024K, 98 young (100352K), 11 survivors (11264K)
 Metaspace       used 157645K, committed 160448K, reserved 1245184K
  class space    used 20352K, committed 21760K, reserved 1048576K
}
Event: 77.106 GC heap after
{Heap after GC invocations=54 (full 0):
 garbage-first heap   total 276480K, used 157599K [0x0000000080000000, 0x0000000100000000)
  region size 1024K, 6 young (6144K), 6 survivors (6144K)
 Metaspace       used 157645K, committed 160448K, reserved 1245184K
  class space    used 20352K, committed 21760K, reserved 1048576K
}
Event: 79.862 GC heap before
{Heap before GC invocations=54 (full 0):
 garbage-first heap   total 276480K, used 247711K [0x0000000080000000, 0x0000000100000000)
  region size 1024K, 95 young (97280K), 6 survivors (6144K)
 Metaspace       used 165036K, committed 167872K, reserved 1245184K
  class space    used 21299K, committed 22720K, reserved 1048576K
}
Event: 79.878 GC heap after
{Heap after GC invocations=55 (full 0):
 garbage-first heap   total 276480K, used 147440K [0x0000000080000000, 0x0000000100000000)
  region size 1024K, 10 young (10240K), 10 survivors (10240K)
 Metaspace       used 165036K, committed 167872K, reserved 1245184K
  class space    used 21299K, committed 22720K, reserved 1048576K
}
Event: 84.006 GC heap before
{Heap before GC invocations=55 (full 0):
 garbage-first heap   total 276480K, used 243696K [0x0000000080000000, 0x0000000100000000)
  region size 1024K, 106 young (108544K), 10 survivors (10240K)
 Metaspace       used 168166K, committed 171136K, reserved 1245184K
  class space    used 21550K, committed 23040K, reserved 1048576K
}
Event: 84.027 GC heap after
{Heap after GC invocations=56 (full 0):
 garbage-first heap   total 276480K, used 154471K [0x0000000080000000, 0x0000000100000000)
  region size 1024K, 11 young (11264K), 11 survivors (11264K)
 Metaspace       used 168166K, committed 171136K, reserved 1245184K
  class space    used 21550K, committed 23040K, reserved 1048576K
}
Event: 86.172 GC heap before
{Heap before GC invocations=57 (full 0):
 garbage-first heap   total 276480K, used 274279K [0x0000000080000000, 0x0000000100000000)
  region size 1024K, 105 young (107520K), 11 survivors (11264K)
 Metaspace       used 168272K, committed 171200K, reserved 1245184K
  class space    used 21550K, committed 23040K, reserved 1048576K
}
Event: 86.244 GC heap after
{Heap after GC invocations=58 (full 0):
 garbage-first heap   total 312320K, used 189144K [0x0000000080000000, 0x0000000100000000)
  region size 1024K, 14 young (14336K), 14 survivors (14336K)
 Metaspace       used 168272K, committed 171200K, reserved 1245184K
  class space    used 21550K, committed 23040K, reserved 1048576K
}
Event: 89.068 GC heap before
{Heap before GC invocations=58 (full 0):
 garbage-first heap   total 312320K, used 275160K [0x0000000080000000, 0x0000000100000000)
  region size 1024K, 97 young (99328K), 14 survivors (14336K)
 Metaspace       used 169004K, committed 171904K, reserved 1245184K
  class space    used 21551K, committed 23040K, reserved 1048576K
}
Event: 89.091 GC heap after
{Heap after GC invocations=59 (full 0):
 garbage-first heap   total 312320K, used 197362K [0x0000000080000000, 0x0000000100000000)
  region size 1024K, 11 young (11264K), 11 survivors (11264K)
 Metaspace       used 169004K, committed 171904K, reserved 1245184K
  class space    used 21551K, committed 23040K, reserved 1048576K
}
Event: 811.129 GC heap before
{Heap before GC invocations=59 (full 0):
 garbage-first heap   total 312320K, used 277234K [0x0000000080000000, 0x0000000100000000)
  region size 1024K, 89 young (91136K), 11 survivors (11264K)
 Metaspace       used 169988K, committed 172928K, reserved 1245184K
  class space    used 21577K, committed 23040K, reserved 1048576K
}
Event: 811.222 GC heap after
{Heap after GC invocations=60 (full 0):
 garbage-first heap   total 312320K, used 198309K [0x0000000080000000, 0x0000000100000000)
  region size 1024K, 8 young (8192K), 8 survivors (8192K)
 Metaspace       used 169988K, committed 172928K, reserved 1245184K
  class space    used 21577K, committed 23040K, reserved 1048576K
}

Dll operation events (15 events):
Event: 0.038 Loaded shared library C:\Program Files\Java\jdk-20\bin\java.dll
Event: 0.075 Loaded shared library C:\Program Files\Java\jdk-20\bin\jsvml.dll
Event: 0.193 Loaded shared library C:\Program Files\Java\jdk-20\bin\zip.dll
Event: 0.202 Loaded shared library C:\Program Files\Java\jdk-20\bin\instrument.dll
Event: 0.212 Loaded shared library C:\Program Files\Java\jdk-20\bin\net.dll
Event: 0.218 Loaded shared library C:\Program Files\Java\jdk-20\bin\nio.dll
Event: 0.222 Loaded shared library C:\Program Files\Java\jdk-20\bin\zip.dll
Event: 0.702 Loaded shared library C:\Program Files\Java\jdk-20\bin\jimage.dll
Event: 0.993 Loaded shared library C:\Program Files\Java\jdk-20\bin\verify.dll
Event: 1.329 Loaded shared library C:\Users\HP\.gradle\native\c067742578af261105cb4f569cf0c3c89f3d7b1fecec35dd04571415982c5e48\windows-amd64\native-platform.dll
Event: 1.361 Loaded shared library C:\Users\HP\.gradle\native\100fb08df4bc3b14c8652ba06237920a3bd2aa13389f12d3474272988ae205f9\windows-amd64\native-platform-file-events.dll
Event: 3.610 Loaded shared library C:\Program Files\Java\jdk-20\bin\management.dll
Event: 3.618 Loaded shared library C:\Program Files\Java\jdk-20\bin\management_ext.dll
Event: 4.193 Loaded shared library C:\Program Files\Java\jdk-20\bin\extnet.dll
Event: 4.673 Loaded shared library C:\Program Files\Java\jdk-20\bin\sunmscapi.dll

Deoptimization events (20 events):
Event: 810.598 Thread 0x00000273a452db90 Uncommon trap: trap_request=0xffffffc6 fr.pc=0x0000027350d1786c relative=0x000000000000022c
Event: 810.598 Thread 0x00000273a452db90 Uncommon trap: reason=bimorphic_or_optimized_type_check action=maybe_recompile pc=0x0000027350d1786c method=java.util.Spliterators$IteratorSpliterator.tryAdvance(Ljava/util/function/Consumer;)Z @ 50 c2
Event: 810.598 Thread 0x00000273a452db90 DEOPT PACKING pc=0x0000027350d1786c sp=0x000000a9125fb7d0
Event: 810.598 Thread 0x00000273a452db90 DEOPT UNPACKING pc=0x0000027350589d22 sp=0x000000a9125fb770 mode 2
Event: 810.632 Thread 0x00000273a452db90 Uncommon trap: trap_request=0xffffffd6 fr.pc=0x00000273514c6674 relative=0x0000000000001ab4
Event: 810.632 Thread 0x00000273a452db90 Uncommon trap: reason=array_check action=maybe_recompile pc=0x00000273514c6674 method=java.util.TimSort.reverseRange([Ljava/lang/Object;II)V @ 20 c2
Event: 810.632 Thread 0x00000273a452db90 DEOPT PACKING pc=0x00000273514c6674 sp=0x000000a9125face0
Event: 810.632 Thread 0x00000273a452db90 DEOPT UNPACKING pc=0x0000027350589d22 sp=0x000000a9125fab88 mode 2
Event: 810.633 Thread 0x00000273a452db90 DEOPT PACKING pc=0x00000273493c10a2 sp=0x000000a9125facb0
Event: 810.633 Thread 0x00000273a452db90 DEOPT UNPACKING pc=0x000002735058a4c2 sp=0x000000a9125fa148 mode 0
Event: 810.634 Thread 0x00000273a452db90 Uncommon trap: trap_request=0xffffffd6 fr.pc=0x00000273514c6674 relative=0x0000000000001ab4
Event: 810.634 Thread 0x00000273a452db90 Uncommon trap: reason=array_check action=maybe_recompile pc=0x00000273514c6674 method=java.util.TimSort.reverseRange([Ljava/lang/Object;II)V @ 20 c2
Event: 810.634 Thread 0x00000273a452db90 DEOPT PACKING pc=0x00000273514c6674 sp=0x000000a9125fadb0
Event: 810.634 Thread 0x00000273a452db90 DEOPT UNPACKING pc=0x0000027350589d22 sp=0x000000a9125fac58 mode 2
Event: 810.707 Thread 0x00000273a452db90 DEOPT PACKING pc=0x000002734aff72d3 sp=0x000000a9125f8000
Event: 810.707 Thread 0x00000273a452db90 DEOPT UNPACKING pc=0x000002735058a4c2 sp=0x000000a9125f74b0 mode 0
Event: 811.437 Thread 0x00000273a452db90 Uncommon trap: trap_request=0xffffffd6 fr.pc=0x00000273514c6674 relative=0x0000000000001ab4
Event: 811.437 Thread 0x00000273a452db90 Uncommon trap: reason=array_check action=maybe_recompile pc=0x00000273514c6674 method=java.util.TimSort.reverseRange([Ljava/lang/Object;II)V @ 20 c2
Event: 811.437 Thread 0x00000273a452db90 DEOPT PACKING pc=0x00000273514c6674 sp=0x000000a9125f55a0
Event: 811.437 Thread 0x00000273a452db90 DEOPT UNPACKING pc=0x0000027350589d22 sp=0x000000a9125f5448 mode 2

Classes loaded (20 events):
Event: 90.211 Loading class java/util/HashMapCustomizer
Event: 90.211 Loading class java/util/HashMapCustomizer done
Event: 90.212 Loading class java/util/HashMapCustomizer
Event: 90.212 Loading class java/util/HashMapCustomizer done
Event: 90.220 Loading class java/util/TreeSetBeanInfo
Event: 90.220 Loading class java/util/TreeSetBeanInfo done
Event: 90.221 Loading class java/util/TreeSetBeanInfo
Event: 90.221 Loading class java/util/TreeSetBeanInfo done
Event: 90.222 Loading class java/util/AbstractSetBeanInfo
Event: 90.222 Loading class java/util/AbstractSetBeanInfo done
Event: 90.222 Loading class java/util/AbstractSetBeanInfo
Event: 90.222 Loading class java/util/AbstractSetBeanInfo done
Event: 90.222 Loading class java/util/AbstractSetCustomizer
Event: 90.222 Loading class java/util/AbstractSetCustomizer done
Event: 90.223 Loading class java/util/AbstractSetCustomizer
Event: 90.223 Loading class java/util/AbstractSetCustomizer done
Event: 90.224 Loading class java/util/TreeSetCustomizer
Event: 90.224 Loading class java/util/TreeSetCustomizer done
Event: 90.224 Loading class java/util/TreeSetCustomizer
Event: 90.224 Loading class java/util/TreeSetCustomizer done

Classes unloaded (0 events):
No events

Classes redefined (0 events):
No events

Internal exceptions (20 events):
Event: 90.187 Thread 0x00000273a452e630 Exception <a 'java/lang/ClassNotFoundException'{0x000000008fc8ddf0}: org/gradle/util/GradleVersionBeanInfo> (0x000000008fc8ddf0) 
thrown [s\open\src\hotspot\share\classfile\systemDictionary.cpp, line 305]
Event: 90.187 Thread 0x00000273a452e630 Exception <a 'java/lang/ClassNotFoundException'{0x000000008fb03a10}: org/gradle/util/GradleVersionCustomizer> (0x000000008fb03a10) 
thrown [s\open\src\hotspot\share\classfile\systemDictionary.cpp, line 305]
Event: 90.193 Thread 0x00000273a452e630 Exception <a 'java/lang/ClassNotFoundException'{0x000000008fb29110}: org/gradle/util/internal/DefaultGradleVersionBeanInfo> (0x000000008fb29110) 
thrown [s\open\src\hotspot\share\classfile\systemDictionary.cpp, line 305]
Event: 90.193 Thread 0x00000273a452e630 Exception <a 'java/lang/ClassNotFoundException'{0x000000008fb2fea0}: org/gradle/util/internal/DefaultGradleVersionCustomizer> (0x000000008fb2fea0) 
thrown [s\open\src\hotspot\share\classfile\systemDictionary.cpp, line 305]
Event: 90.209 Thread 0x00000273a452e630 Exception <a 'java/lang/ClassNotFoundException'{0x000000008fbb5390}: java/util/HashMapBeanInfo> (0x000000008fbb5390) 
thrown [s\open\src\hotspot\share\classfile\systemDictionary.cpp, line 305]
Event: 90.209 Thread 0x00000273a452e630 Exception <a 'java/lang/ClassNotFoundException'{0x000000008fbb9278}: java/util/AbstractMapBeanInfo> (0x000000008fbb9278) 
thrown [s\open\src\hotspot\share\classfile\systemDictionary.cpp, line 305]
Event: 90.210 Thread 0x00000273a452e630 Exception <a 'java/lang/ClassNotFoundException'{0x000000008fbbd1a0}: java/util/AbstractMapCustomizer> (0x000000008fbbd1a0) 
thrown [s\open\src\hotspot\share\classfile\systemDictionary.cpp, line 305]
Event: 90.212 Thread 0x00000273a452e630 Exception <a 'java/lang/ClassNotFoundException'{0x000000008fbcb118}: java/util/HashMapCustomizer> (0x000000008fbcb118) 
thrown [s\open\src\hotspot\share\classfile\systemDictionary.cpp, line 305]
Event: 90.221 Thread 0x00000273a452e630 Exception <a 'java/lang/ClassNotFoundException'{0x000000008fada368}: java/util/TreeSetBeanInfo> (0x000000008fada368) 
thrown [s\open\src\hotspot\share\classfile\systemDictionary.cpp, line 305]
Event: 90.222 Thread 0x00000273a452e630 Exception <a 'java/lang/ClassNotFoundException'{0x000000008faddfa0}: java/util/AbstractSetBeanInfo> (0x000000008faddfa0) 
thrown [s\open\src\hotspot\share\classfile\systemDictionary.cpp, line 305]
Event: 90.223 Thread 0x00000273a452e630 Exception <a 'java/lang/ClassNotFoundException'{0x000000008fae1ec8}: java/util/AbstractSetCustomizer> (0x000000008fae1ec8) 
thrown [s\open\src\hotspot\share\classfile\systemDictionary.cpp, line 305]
Event: 90.224 Thread 0x00000273a452e630 Exception <a 'java/lang/ClassNotFoundException'{0x000000008faea0c0}: java/util/TreeSetCustomizer> (0x000000008faea0c0) 
thrown [s\open\src\hotspot\share\classfile\systemDictionary.cpp, line 305]
Event: 90.252 Thread 0x00000273a452d0f0 Exception <a 'sun/nio/fs/WindowsException'{0x000000008f981518}> (0x000000008f981518) 
thrown [s\open\src\hotspot\share\prims\jni.cpp, line 519]
Event: 810.268 Thread 0x00000273a452db90 Exception <a 'sun/nio/fs/WindowsException'{0x000000008e0df5f8}> (0x000000008e0df5f8) 
thrown [s\open\src\hotspot\share\prims\jni.cpp, line 519]
Event: 810.269 Thread 0x00000273a452db90 Exception <a 'sun/nio/fs/WindowsException'{0x000000008e0e0ab0}> (0x000000008e0e0ab0) 
thrown [s\open\src\hotspot\share\prims\jni.cpp, line 519]
Event: 810.271 Thread 0x00000273a452db90 Exception <a 'sun/nio/fs/WindowsException'{0x000000008e0e1f58}> (0x000000008e0e1f58) 
thrown [s\open\src\hotspot\share\prims\jni.cpp, line 519]
Event: 810.272 Thread 0x00000273a452db90 Exception <a 'sun/nio/fs/WindowsException'{0x000000008e0e2ff0}> (0x000000008e0e2ff0) 
thrown [s\open\src\hotspot\share\prims\jni.cpp, line 519]
Event: 810.580 Thread 0x00000273a452db90 Exception <a 'sun/nio/fs/WindowsException'{0x000000008cda2370}> (0x000000008cda2370) 
thrown [s\open\src\hotspot\share\prims\jni.cpp, line 519]
Event: 810.581 Thread 0x00000273a452db90 Exception <a 'sun/nio/fs/WindowsException'{0x000000008cda3a50}> (0x000000008cda3a50) 
thrown [s\open\src\hotspot\share\prims\jni.cpp, line 519]
Event: 810.589 Thread 0x00000273a452db90 Exception <a 'sun/nio/fs/WindowsException'{0x000000008cda6e90}> (0x000000008cda6e90) 
thrown [s\open\src\hotspot\share\prims\jni.cpp, line 519]

VM Operations (20 events):
Event: 615.586 Executing VM operation: Cleanup done
Event: 624.653 Executing VM operation: Cleanup
Event: 624.653 Executing VM operation: Cleanup done
Event: 664.927 Executing VM operation: Cleanup
Event: 664.927 Executing VM operation: Cleanup done
Event: 691.134 Executing VM operation: Cleanup
Event: 691.134 Executing VM operation: Cleanup done
Event: 755.626 Executing VM operation: Cleanup
Event: 755.634 Executing VM operation: Cleanup done
Event: 784.864 Executing VM operation: Cleanup
Event: 784.864 Executing VM operation: Cleanup done
Event: 805.006 Executing VM operation: Cleanup
Event: 805.006 Executing VM operation: Cleanup done
Event: 810.049 Executing VM operation: Cleanup
Event: 810.049 Executing VM operation: Cleanup done
Event: 811.062 Executing VM operation: Cleanup
Event: 811.062 Executing VM operation: Cleanup done
Event: 811.129 Executing VM operation: G1CollectForAllocation
Event: 811.222 Executing VM operation: G1CollectForAllocation done
Event: 811.773 Executing VM operation: G1PauseRemark

Events (20 events):
Event: 811.988 Thread 0x000002735d9e2b80 flushing nmethod 0x0000027350d9e090
Event: 811.988 Thread 0x000002735d9e2b80 flushing nmethod 0x0000027350dcc690
Event: 811.988 Thread 0x000002735d9e2b80 flushing nmethod 0x0000027350d90910
Event: 811.988 Thread 0x000002735d9e2b80 flushing nmethod 0x0000027350dab210
Event: 811.989 Thread 0x000002735d9e2b80 flushing nmethod 0x0000027350d98210
Event: 811.989 Thread 0x000002735d9e2b80 flushing nmethod 0x0000027350d43410
Event: 811.989 Thread 0x000002735d9e2b80 flushing nmethod 0x0000027350d14a10
Event: 811.989 Thread 0x000002735d9e2b80 flushing nmethod 0x0000027350d55590
Event: 811.989 Thread 0x000002735d9e2b80 flushing nmethod 0x0000027350d20290
Event: 811.989 Thread 0x000002735d9e2b80 flushing nmethod 0x0000027350cc7010
Event: 811.990 Thread 0x000002735d9e2b80 flushing nmethod 0x0000027350cc6510
Event: 811.990 Thread 0x000002735d9e2b80 flushing nmethod 0x0000027350c8b810
Event: 811.990 Thread 0x000002735d9e2b80 flushing nmethod 0x0000027350ae8190
Event: 811.990 Thread 0x000002735d9e2b80 flushing nmethod 0x0000027350c56610
Event: 811.990 Thread 0x000002735d9e2b80 flushing nmethod 0x0000027350c1f690
Event: 811.991 Thread 0x000002735d9e2b80 flushing nmethod 0x0000027350c2c110
Event: 811.991 Thread 0x000002735d9e2b80 flushing nmethod 0x0000027350b94310
Event: 811.991 Thread 0x000002735d9e2b80 flushing nmethod 0x0000027350b6db10
Event: 811.991 Thread 0x000002735d9e2b80 flushing nmethod 0x0000027350afaa10
Event: 811.992 Thread 0x000002735d9e2b80 flushing nmethod 0x0000027350b19510


Dynamic libraries:
0x00007ff734c90000 - 0x00007ff734ca0000 	C:\Program Files\Java\jdk-20\bin\java.exe
0x00007ffa4c5e0000 - 0x00007ffa4c847000 	C:\WINDOWS\SYSTEM32\ntdll.dll
0x00007ffa4a740000 - 0x00007ffa4a809000 	C:\WINDOWS\System32\KERNEL32.DLL
0x00007ffa498c0000 - 0x00007ffa49cb0000 	C:\WINDOWS\System32\KERNELBASE.dll
0x00007ffa46720000 - 0x00007ffa467be000 	C:\WINDOWS\SYSTEM32\apphelp.dll
0x00007ffa4a220000 - 0x00007ffa4a36b000 	C:\WINDOWS\System32\ucrtbase.dll
0x00007ff9f1650000 - 0x00007ff9f1669000 	C:\Program Files\Java\jdk-20\bin\jli.dll
0x00007ff9f2b50000 - 0x00007ff9f2b6b000 	C:\Program Files\Java\jdk-20\bin\VCRUNTIME140.dll
0x00007ffa4b9d0000 - 0x00007ffa4ba84000 	C:\WINDOWS\System32\ADVAPI32.dll
0x00007ffa4aba0000 - 0x00007ffa4ac49000 	C:\WINDOWS\System32\msvcrt.dll
0x00007ffa4a610000 - 0x00007ffa4a6b6000 	C:\WINDOWS\System32\sechost.dll
0x00007ffa4ba90000 - 0x00007ffa4bba8000 	C:\WINDOWS\System32\RPCRT4.dll
0x00007ffa4a3e0000 - 0x00007ffa4a5a5000 	C:\WINDOWS\System32\USER32.dll
0x00007ffa313a0000 - 0x00007ffa3163a000 	C:\WINDOWS\WinSxS\amd64_microsoft.windows.common-controls_6595b64144ccf1df_6.0.26100.4768_none_3e0c112ce331287c\COMCTL32.dll
0x00007ffa49710000 - 0x00007ffa49737000 	C:\WINDOWS\System32\win32u.dll
0x00007ffa4c570000 - 0x00007ffa4c59b000 	C:\WINDOWS\System32\GDI32.dll
0x00007ffa49cc0000 - 0x00007ffa49df8000 	C:\WINDOWS\System32\gdi32full.dll
0x00007ffa49e00000 - 0x00007ffa49ea3000 	C:\WINDOWS\System32\msvcp_win.dll
0x00007ffa42a80000 - 0x00007ffa42a8b000 	C:\WINDOWS\SYSTEM32\VERSION.dll
0x00007ffa4a370000 - 0x00007ffa4a39f000 	C:\WINDOWS\System32\IMM32.DLL
0x00007ffa1eff0000 - 0x00007ffa1effc000 	C:\Program Files\Java\jdk-20\bin\vcruntime140_1.dll
0x00007ff9e1b90000 - 0x00007ff9e1c1e000 	C:\Program Files\Java\jdk-20\bin\msvcp140.dll
0x00007ff9cd250000 - 0x00007ff9cdee8000 	C:\Program Files\Java\jdk-20\bin\server\jvm.dll
0x00007ffa429d0000 - 0x00007ffa42a05000 	C:\WINDOWS\SYSTEM32\WINMM.dll
0x00007ffa2ea60000 - 0x00007ffa2ea6a000 	C:\WINDOWS\SYSTEM32\WSOCK32.dll
0x00007ffa4a6c0000 - 0x00007ffa4a734000 	C:\WINDOWS\System32\WS2_32.dll
0x00007ffa48490000 - 0x00007ffa484ab000 	C:\WINDOWS\SYSTEM32\kernel.appcore.dll
0x00007ff9f23d0000 - 0x00007ff9f23da000 	C:\Program Files\Java\jdk-20\bin\jimage.dll
0x00007ffa3d6b0000 - 0x00007ffa3d8f1000 	C:\WINDOWS\SYSTEM32\DBGHELP.DLL
0x00007ffa4a810000 - 0x00007ffa4ab95000 	C:\WINDOWS\System32\combase.dll
0x00007ffa4b560000 - 0x00007ffa4b640000 	C:\WINDOWS\System32\OLEAUT32.dll
0x00007ffa2afc0000 - 0x00007ffa2b003000 	C:\WINDOWS\SYSTEM32\dbgcore.DLL
0x00007ffa49eb0000 - 0x00007ffa49f49000 	C:\WINDOWS\System32\bcryptPrimitives.dll
0x00007ff9f2390000 - 0x00007ff9f239e000 	C:\Program Files\Java\jdk-20\bin\instrument.dll
0x00007ff9edd30000 - 0x00007ff9edd56000 	C:\Program Files\Java\jdk-20\bin\java.dll
0x00007ff9db020000 - 0x00007ff9db0f7000 	C:\Program Files\Java\jdk-20\bin\jsvml.dll
0x00007ffa4ade0000 - 0x00007ffa4b52d000 	C:\WINDOWS\System32\SHELL32.dll
0x00007ffa4a010000 - 0x00007ffa4a183000 	C:\WINDOWS\System32\wintypes.dll
0x00007ffa472f0000 - 0x00007ffa47b4f000 	C:\WINDOWS\SYSTEM32\windows.storage.dll
0x00007ffa4b650000 - 0x00007ffa4b745000 	C:\WINDOWS\System32\SHCORE.dll
0x00007ffa4b960000 - 0x00007ffa4b9ca000 	C:\WINDOWS\System32\shlwapi.dll
0x00007ffa49630000 - 0x00007ffa49659000 	C:\WINDOWS\SYSTEM32\profapi.dll
0x00007ff9f1630000 - 0x00007ff9f1648000 	C:\Program Files\Java\jdk-20\bin\zip.dll
0x00007ff9ee150000 - 0x00007ff9ee163000 	C:\Program Files\Java\jdk-20\bin\net.dll
0x00007ffa3f6d0000 - 0x00007ffa3f7ee000 	C:\WINDOWS\SYSTEM32\WINHTTP.dll
0x00007ffa48a20000 - 0x00007ffa48a8b000 	C:\WINDOWS\system32\mswsock.dll
0x00007ff9eddd0000 - 0x00007ff9edde6000 	C:\Program Files\Java\jdk-20\bin\nio.dll
0x00007ff9f2020000 - 0x00007ff9f2030000 	C:\Program Files\Java\jdk-20\bin\verify.dll
0x00007ff9f1ed0000 - 0x00007ff9f1ef7000 	C:\Users\HP\.gradle\native\c067742578af261105cb4f569cf0c3c89f3d7b1fecec35dd04571415982c5e48\windows-amd64\native-platform.dll
0x00007ff9cd100000 - 0x00007ff9cd244000 	C:\Users\HP\.gradle\native\100fb08df4bc3b14c8652ba06237920a3bd2aa13389f12d3474272988ae205f9\windows-amd64\native-platform-file-events.dll
0x00007ff9f1c60000 - 0x00007ff9f1c6a000 	C:\Program Files\Java\jdk-20\bin\management.dll
0x00007ff9f1c40000 - 0x00007ff9f1c4b000 	C:\Program Files\Java\jdk-20\bin\management_ext.dll
0x00007ffa4bce0000 - 0x00007ffa4bce8000 	C:\WINDOWS\System32\PSAPI.DLL
0x00007ffa48ce0000 - 0x00007ffa48cfb000 	C:\WINDOWS\SYSTEM32\CRYPTSP.dll
0x00007ffa483f0000 - 0x00007ffa4842b000 	C:\WINDOWS\system32\rsaenh.dll
0x00007ffa48ac0000 - 0x00007ffa48aeb000 	C:\WINDOWS\SYSTEM32\USERENV.dll
0x00007ffa49600000 - 0x00007ffa49626000 	C:\WINDOWS\SYSTEM32\bcrypt.dll
0x00007ffa48d00000 - 0x00007ffa48d0c000 	C:\WINDOWS\SYSTEM32\CRYPTBASE.dll
0x00007ffa47e80000 - 0x00007ffa47eb3000 	C:\WINDOWS\SYSTEM32\IPHLPAPI.DLL
0x00007ffa4b950000 - 0x00007ffa4b95a000 	C:\WINDOWS\System32\NSI.dll
0x00007ffa43b90000 - 0x00007ffa43baf000 	C:\WINDOWS\SYSTEM32\dhcpcsvc6.DLL
0x00007ffa43b60000 - 0x00007ffa43b85000 	C:\WINDOWS\SYSTEM32\dhcpcsvc.DLL
0x00007ffa47f10000 - 0x00007ffa48036000 	C:\WINDOWS\SYSTEM32\DNSAPI.dll
0x00007ff9eee60000 - 0x00007ff9eee67000 	C:\Program Files\Java\jdk-20\bin\extnet.dll
0x00007ff9ed0a0000 - 0x00007ff9ed0ae000 	C:\Program Files\Java\jdk-20\bin\sunmscapi.dll
0x00007ffa49740000 - 0x00007ffa498b7000 	C:\WINDOWS\System32\CRYPT32.dll
0x00007ffa48f00000 - 0x00007ffa48f30000 	C:\WINDOWS\SYSTEM32\ncrypt.dll
0x00007ffa48eb0000 - 0x00007ffa48eef000 	C:\WINDOWS\SYSTEM32\NTASN1.dll
0x00007ff9d9dc0000 - 0x00007ff9d9dc8000 	C:\WINDOWS\system32\wshunix.dll
0x00007ffa485c0000 - 0x00007ffa485f6000 	C:\WINDOWS\SYSTEM32\ntmarta.dll
0x00007ffa3ea40000 - 0x00007ffa3ea4b000 	C:\Windows\System32\rasadhlp.dll
0x00007ffa43e60000 - 0x00007ffa43ee6000 	C:\WINDOWS\System32\fwpuclnt.dll

dbghelp: loaded successfully - version: 4.0.5 - missing functions: none
symbol engine: initialized successfully - sym options: 0x614 - pdb path: .;C:\Program Files\Java\jdk-20\bin;C:\WINDOWS\SYSTEM32;C:\WINDOWS\WinSxS\amd64_microsoft.windows.common-controls_6595b64144ccf1df_6.0.26100.4768_none_3e0c112ce331287c;C:\Program Files\Java\jdk-20\bin\server;C:\Users\HP\.gradle\native\c067742578af261105cb4f569cf0c3c89f3d7b1fecec35dd04571415982c5e48\windows-amd64;C:\Users\HP\.gradle\native\100fb08df4bc3b14c8652ba06237920a3bd2aa13389f12d3474272988ae205f9\windows-amd64

VM Arguments:
jvm_args: --add-opens=java.base/java.lang=ALL-UNNAMED --add-opens=java.base/java.lang.invoke=ALL-UNNAMED --add-opens=java.base/java.util=ALL-UNNAMED --add-opens=java.prefs/java.util.prefs=ALL-UNNAMED --add-exports=jdk.compiler/com.sun.tools.javac.api=ALL-UNNAMED --add-exports=jdk.compiler/com.sun.tools.javac.util=ALL-UNNAMED --add-opens=java.base/java.util=ALL-UNNAMED --add-opens=java.prefs/java.util.prefs=ALL-UNNAMED --add-opens=java.base/java.nio.charset=ALL-UNNAMED --add-opens=java.base/java.net=ALL-UNNAMED --add-opens=java.base/java.util.concurrent.atomic=ALL-UNNAMED --add-opens=java.xml/javax.xml.namespace=ALL-UNNAMED -Xmx2048m -Dfile.encoding=UTF-8 -Duser.country=US -Duser.language=en -Duser.variant -javaagent:C:\Users\HP\.gradle\wrapper\dists\gradle-8.11.1-bin\bpt9gzteqjrbo1mjrsomdt32c\gradle-8.11.1\lib\agents\gradle-instrumentation-agent-8.11.1.jar 
java_command: org.gradle.launcher.daemon.bootstrap.GradleDaemon 8.11.1
java_class_path (initial): C:\Users\HP\.gradle\wrapper\dists\gradle-8.11.1-bin\bpt9gzteqjrbo1mjrsomdt32c\gradle-8.11.1\lib\gradle-daemon-main-8.11.1.jar
Launcher Type: SUN_STANDARD

[Global flags]
     intx CICompilerCount                          = 4                                         {product} {ergonomic}
     uint ConcGCThreads                            = 2                                         {product} {ergonomic}
     uint G1ConcRefinementThreads                  = 8                                         {product} {ergonomic}
   size_t G1HeapRegionSize                         = 1048576                                   {product} {ergonomic}
    uintx GCDrainStackTargetSize                   = 64                                        {product} {ergonomic}
   size_t InitialHeapSize                          = 123731968                                 {product} {ergonomic}
   size_t MarkStackSize                            = 4194304                                   {product} {ergonomic}
   size_t MaxHeapSize                              = 2147483648                                {product} {command line}
   size_t MaxNewSize                               = 1287651328                                {product} {ergonomic}
   size_t MinHeapDeltaBytes                        = 1048576                                   {product} {ergonomic}
   size_t MinHeapSize                              = 8388608                                   {product} {ergonomic}
    uintx NonNMethodCodeHeapSize                   = 5839372                                {pd product} {ergonomic}
    uintx NonProfiledCodeHeapSize                  = 122909434                              {pd product} {ergonomic}
    uintx ProfiledCodeHeapSize                     = 122909434                              {pd product} {ergonomic}
    uintx ReservedCodeCacheSize                    = 251658240                              {pd product} {ergonomic}
     bool SegmentedCodeCache                       = true                                      {product} {ergonomic}
   size_t SoftMaxHeapSize                          = 2147483648                             {manageable} {ergonomic}
     bool UseCompressedClassPointers               = true                           {product lp64_product} {ergonomic}
     bool UseCompressedOops                        = true                           {product lp64_product} {ergonomic}
     bool UseG1GC                                  = true                                      {product} {ergonomic}
     bool UseLargePagesIndividualAllocation        = false                                  {pd product} {ergonomic}

Logging:
Log output configuration:
 #0: stdout all=warning uptime,level,tags foldmultilines=false
 #1: stderr all=off uptime,level,tags foldmultilines=false

Environment Variables:
JAVA_HOME=C:\Program Files\Java\jdk-20
PATH=C:\Program Files\Microsoft\jdk-11.0.27.6-hotspot\bin;C:\Program Files\Common Files\Oracle\Java\javapath;C:\WINDOWS\system32;C:\WINDOWS;C:\WINDOWS\System32\Wbem;C:\WINDOWS\System32\WindowsPowerShell\v1.0\;C:\WINDOWS\System32\OpenSSH\;C:\Users\HP\.jdks\openjdk-20.0.1\bin;C:\Program Files\Microsoft SQL Server\Client SDK\ODBC\170\Tools\Binn\;C:\Program Files\Java\jdk-20\bin;C:\Program Files\HP\HP One Agent;C:\Users\HP\AppData\Local\Android\Sdk;C:\Users\HP\AppData\Local\Android\Sdk\platform-tools;C:\Users\HP\AppData\Local\Android\Sdk\emulator;C:\WINDOWS\system32;C:\WINDOWS;C:\WINDOWS\System32\Wbem;C:\WINDOWS\System32\WindowsPowerShell\v1.0\;C:\WINDOWS\System32\OpenSSH\;D:\Git\Git\cmd;C:\Users\HP\AppData\Local\Microsoft\WindowsApps;C:\Users\HP\.jdks\openjdk-20.0.1\bin;C:\Users\HP\AppData\Local\Programs\Microsoft VS Code\bin;C:\Program Files\JetBrains\IntelliJ IDEA Community Edition 2023.2\bin;;C:\xampp\php;C:\Users\HP\AppData\Local\Android\Sdk;C:\Users\HP\AppData\Local\Android\Sdk\platform-tools;C:\Users\HP\AppData\Local\Android\Sdk\emulator;D:\New folder (3)\cursor\resources\app\bin
USERNAME=HP
OS=Windows_NT
PROCESSOR_IDENTIFIER=AMD64 Family 23 Model 104 Stepping 1, AuthenticAMD
TMP=C:\Users\HP\AppData\Local\Temp
TEMP=C:\Users\HP\AppData\Local\Temp




---------------  S Y S T E M  ---------------

OS:
 Windows 11 , 64 bit Build 26100 (10.0.26100.4768)
OS uptime: 0 days 14:28 hours
Hyper-V role detected

CPU: total 8 (initial active 8) (8 cores per cpu, 2 threads per core) family 23 model 104 stepping 1 microcode 0x8608104, cx8, cmov, fxsr, ht, mmx, 3dnowpref, sse, sse2, sse3, ssse3, sse4a, sse4.1, sse4.2, popcnt, lzcnt, tsc, tscinvbit, avx, avx2, aes, clmul, bmi1, bmi2, adx, sha, fma, vzeroupper, clflush, clflushopt, hv, rdtscp, rdpid, f16c

Memory: 4k page, system-wide physical 7502M (903M free)
TotalPageFile size 21048M (AvailPageFile size 109M)
current process WorkingSet (physical memory assigned to process): 436M, peak: 677M
current process commit charge ("private bytes"): 757M, peak: 804M

vm_info: Java HotSpot(TM) 64-Bit Server VM (20.0.2+9-78) for windows-amd64 JRE (20.0.2+9-78), built on 2023-06-14T10:08:48Z by "mach5one" with MS VC++ 17.1 (VS2022)

END.
